#
# There is insufficient memory for the Java Runtime Environment to continue.
# Native memory allocation (malloc) failed to allocate 41936 bytes for Chunk::new
# Possible reasons:
#   The system is out of physical RAM or swap space
#   The process is running with CompressedOops enabled, and the Java Heap may be blocking the growth of the native heap
# Possible solutions:
#   Reduce memory load on the system
#   Increase physical memory or swap space
#   Check if swap backing store is full
#   Decrease Java heap size (-Xmx/-Xms)
#   Decrease number of Java threads
#   Decrease Java thread stack sizes (-Xss)
#   Set larger code cache with -XX:ReservedCodeCacheSize=
#   JVM is running with Unscaled Compressed Oops mode in which the Java heap is
#     placed in the first 4GB address space. The Java Heap base address is the
#     maximum limit for the native heap growth. Please use -XX:HeapBaseMinAddress
#     to set the Java Heap base and to place the Java Heap above 4GB virtual address.
# This output file may be truncated or incomplete.
#
#  Out of Memory Error (t:/workspace/hotspot/src/share/vm/memory/allocation.cpp:372), pid=8976, tid=17376
#
# JRE version: Java(TM) SE Runtime Environment (9.0+11) (build 9.0.4+11)
# Java VM: Java HotSpot(TM) 64-Bit Server VM (9.0.4+11, mixed mode, tiered, compressed oops, g1 gc, windows-amd64)
# No core dump will be written. Minidumps are not enabled by default on client versions of Windows
#

---------------  S U M M A R Y ------------

Command Line: -Dfile.encoding=Cp1250 com.window.DataBaseManager

Host: Intel(R) Core(TM) i3-6006U CPU @ 2.00GHz, 4 cores, 3G,  Windows 10 , 64 bit Build 16299 (10.0.16299.431)
Time: Sat May 26 16:56:19 2018 ?rodkowoeuropejski czas letni elapsed time: 2 seconds (0d 0h 0m 2s)

---------------  T H R E A D  ---------------

Current thread (0x000002ae4a801000):  JavaThread "C2 CompilerThread0" daemon [_thread_in_native, id=17376, stack(0x000000f305400000,0x000000f305500000)]


Current CompileTask:
C2:   2182 1073       4       java.util.HashMap::newNode (13 bytes)

Stack: [0x000000f305400000,0x000000f305500000]
Native frames: (J=compiled Java code, j=interpreted, Vv=VM code, C=native code)
V  [jvm.dll+0x587068]

[error occurred during error reporting (printing native stack), id 0xe0000001]


---------------  P R O C E S S  ---------------

Java Threads: ( => current thread )
  0x000002ae4aad2000 JavaThread "Service Thread" daemon [_thread_blocked, id=11008, stack(0x000000f305900000,0x000000f305a00000)]
  0x000002ae4a8d9800 JavaThread "Common-Cleaner" daemon [_thread_blocked, id=24584, stack(0x000000f305800000,0x000000f305900000)]
  0x000002ae4a893000 JavaThread "Sweeper thread" daemon [_thread_blocked, id=25044, stack(0x000000f305700000,0x000000f305800000)]
  0x000002ae4a874800 JavaThread "C1 CompilerThread2" daemon [_thread_blocked, id=10636, stack(0x000000f305600000,0x000000f305700000)]
  0x000002ae4a86b800 JavaThread "C2 CompilerThread1" daemon [_thread_in_native, id=8656, stack(0x000000f305500000,0x000000f305600000)]
=>0x000002ae4a801000 JavaThread "C2 CompilerThread0" daemon [_thread_in_native, id=17376, stack(0x000000f305400000,0x000000f305500000)]
  0x000002ae4a7fe000 JavaThread "Attach Listener" daemon [_thread_blocked, id=23324, stack(0x000000f305300000,0x000000f305400000)]
  0x000002ae4a7fc000 JavaThread "Signal Dispatcher" daemon [_thread_blocked, id=12260, stack(0x000000f305200000,0x000000f305300000)]
  0x000002ae4a7c3800 JavaThread "Finalizer" daemon [_thread_blocked, id=17652, stack(0x000000f305000000,0x000000f305100000)]
  0x000002ae4a7c2000 JavaThread "Reference Handler" daemon [_thread_blocked, id=5880, stack(0x000000f304f00000,0x000000f305000000)]
  0x000002ae2d830000 JavaThread "main" [_thread_in_vm, id=17216, stack(0x000000f304200000,0x000000f304300000)]

Other Threads:
  0x000002ae4a7e9800 VMThread "VM Thread" [stack: 0x000000f304e00000,0x000000f304f00000] [id=13744]
  0x000002ae4aad8800 WatcherThread [stack: 0x000000f305a00000,0x000000f305b00000] [id=11304]
  0x000002ae2d847800 GCTaskThread "GC Thread#0" [stack: 0x000000f304300000,0x000000f304400000] [id=20288]
  0x000002ae2d849000 GCTaskThread "GC Thread#1" [stack: 0x000000f304400000,0x000000f304500000] [id=18240]
  0x000002ae2d84a800 GCTaskThread "GC Thread#2" [stack: 0x000000f304500000,0x000000f304600000] [id=25412]
  0x000002ae2d84c800 GCTaskThread "GC Thread#3" [stack: 0x000000f304600000,0x000000f304700000] [id=18600]
  0x000002ae2d893000 ConcurrentGCThread "G1 Main Marker" [stack: 0x000000f304c00000,0x000000f304d00000] [id=17484]
  0x000002ae2d895000 ConcurrentGCThread "G1 Marker#0" [stack: 0x000000f304d00000,0x000000f304e00000] [id=13144]
  0x000002ae2d857800 ConcurrentGCThread "G1 Refine#0" [stack: 0x000000f304a00000,0x000000f304b00000] [id=4312]
  0x000002ae2d855800 ConcurrentGCThread "G1 Refine#1" [stack: 0x000000f304900000,0x000000f304a00000] [id=9220]
  0x000002ae2d853000 ConcurrentGCThread "G1 Refine#2" [stack: 0x000000f304800000,0x000000f304900000] [id=15712]
  0x000002ae2d84e800 ConcurrentGCThread "G1 Refine#3" [stack: 0x000000f304700000,0x000000f304800000] [id=9640]
  0x000002ae2d85c800 ConcurrentGCThread "G1 Young RemSet Sampling" [stack: 0x000000f304b00000,0x000000f304c00000] [id=5760]

Threads with active compile tasks:
C2 CompilerThread11063       4       java.util.HashMap::putVal (300 bytes)
C2 CompilerThread01073       4       java.util.HashMap::newNode (13 bytes)

VM state:not at safepoint (normal execution)

VM Mutex/Monitor currently owned by a thread: None

Heap address: 0x00000000c2000000, size: 992 MB, Compressed Oops mode: 32-bit
Narrow klass base: 0x0000000000000000, Narrow klass shift: 3
Compressed class space size: 1073741824 Address: 0x0000000100000000

Heap:
 garbage-first heap   total 63488K, used 6897K [0x00000000c2000000, 0x00000000c21001f0, 0x0000000100000000)
  region size 1024K, 7 young (7168K), 5 survivors (5120K)
 Metaspace       used 11933K, capacity 12416K, committed 12544K, reserved 1067008K
  class space    used 1360K, capacity 1464K, committed 1536K, reserved 1048576K
Heap Regions: E=young(eden), S=young(survivor), O=old, HS=humongous(starts), HC=humongous(continues), CS=collection set, F=free, A=archive, TS=gc time stamp, AC=allocation context, TAMS=top-at-mark-start (previous, next)
|   0|0x00000000c2000000, 0x00000000c20bc600, 0x00000000c2100000| 73%| O|  |TS  0|AC  0|TAMS 0x00000000c20bc600, 0x00000000c20bc600|
|   1|0x00000000c2100000, 0x00000000c2100000, 0x00000000c2200000|  0%| F|  |TS  0|AC  0|TAMS 0x00000000c2100000, 0x00000000c2100000|
|   2|0x00000000c2200000, 0x00000000c2200000, 0x00000000c2300000|  0%| F|  |TS  0|AC  0|TAMS 0x00000000c2200000, 0x00000000c2200000|
|   3|0x00000000c2300000, 0x00000000c2300000, 0x00000000c2400000|  0%| F|  |TS  0|AC  0|TAMS 0x00000000c2300000, 0x00000000c2300000|
|   4|0x00000000c2400000, 0x00000000c2400000, 0x00000000c2500000|  0%| F|  |TS  0|AC  0|TAMS 0x00000000c2400000, 0x00000000c2400000|
|   5|0x00000000c2500000, 0x00000000c2500000, 0x00000000c2600000|  0%| F|  |TS  0|AC  0|TAMS 0x00000000c2500000, 0x00000000c2500000|
|   6|0x00000000c2600000, 0x00000000c2600000, 0x00000000c2700000|  0%| F|  |TS  0|AC  0|TAMS 0x00000000c2600000, 0x00000000c2600000|
|   7|0x00000000c2700000, 0x00000000c2700000, 0x00000000c2800000|  0%| F|  |TS  0|AC  0|TAMS 0x00000000c2700000, 0x00000000c2700000|
|   8|0x00000000c2800000, 0x00000000c2800000, 0x00000000c2900000|  0%| F|  |TS  0|AC  0|TAMS 0x00000000c2800000, 0x00000000c2800000|
|   9|0x00000000c2900000, 0x00000000c2900000, 0x00000000c2a00000|  0%| F|  |TS  0|AC  0|TAMS 0x00000000c2900000, 0x00000000c2900000|
|  10|0x00000000c2a00000, 0x00000000c2a00000, 0x00000000c2b00000|  0%| F|  |TS  0|AC  0|TAMS 0x00000000c2a00000, 0x00000000c2a00000|
|  11|0x00000000c2b00000, 0x00000000c2b00000, 0x00000000c2c00000|  0%| F|  |TS  0|AC  0|TAMS 0x00000000c2b00000, 0x00000000c2b00000|
|  12|0x00000000c2c00000, 0x00000000c2c00000, 0x00000000c2d00000|  0%| F|  |TS  0|AC  0|TAMS 0x00000000c2c00000, 0x00000000c2c00000|
|  13|0x00000000c2d00000, 0x00000000c2d00000, 0x00000000c2e00000|  0%| F|  |TS  0|AC  0|TAMS 0x00000000c2d00000, 0x00000000c2d00000|
|  14|0x00000000c2e00000, 0x00000000c2e00000, 0x00000000c2f00000|  0%| F|  |TS  0|AC  0|TAMS 0x00000000c2e00000, 0x00000000c2e00000|
|  15|0x00000000c2f00000, 0x00000000c2f00000, 0x00000000c3000000|  0%| F|  |TS  0|AC  0|TAMS 0x00000000c2f00000, 0x00000000c2f00000|
|  16|0x00000000c3000000, 0x00000000c3000000, 0x00000000c3100000|  0%| F|  |TS  0|AC  0|TAMS 0x00000000c3000000, 0x00000000c3000000|
|  17|0x00000000c3100000, 0x00000000c3100000, 0x00000000c3200000|  0%| F|  |TS  0|AC  0|TAMS 0x00000000c3100000, 0x00000000c3100000|
|  18|0x00000000c3200000, 0x00000000c3200000, 0x00000000c3300000|  0%| F|  |TS  0|AC  0|TAMS 0x00000000c3200000, 0x00000000c3200000|
|  19|0x00000000c3300000, 0x00000000c3300000, 0x00000000c3400000|  0%| F|  |TS  0|AC  0|TAMS 0x00000000c3300000, 0x00000000c3300000|
|  20|0x00000000c3400000, 0x00000000c3400000, 0x00000000c3500000|  0%| F|  |TS  0|AC  0|TAMS 0x00000000c3400000, 0x00000000c3400000|
|  21|0x00000000c3500000, 0x00000000c3500000, 0x00000000c3600000|  0%| F|  |TS  0|AC  0|TAMS 0x00000000c3500000, 0x00000000c3500000|
|  22|0x00000000c3600000, 0x00000000c3600000, 0x00000000c3700000|  0%| F|  |TS  0|AC  0|TAMS 0x00000000c3600000, 0x00000000c3600000|
|  23|0x00000000c3700000, 0x00000000c3800000, 0x00000000c3800000|100%| S|CS|TS  0|AC  0|TAMS 0x00000000c3700000, 0x00000000c3700000|
|  24|0x00000000c3800000, 0x00000000c3900000, 0x00000000c3900000|100%| S|CS|TS  0|AC  0|TAMS 0x00000000c3800000, 0x00000000c3800000|
|  25|0x00000000c3900000, 0x00000000c3a00000, 0x00000000c3a00000|100%| S|CS|TS  0|AC  0|TAMS 0x00000000c3900000, 0x00000000c3900000|
|  26|0x00000000c3a00000, 0x00000000c3b00000, 0x00000000c3b00000|100%| S|CS|TS  0|AC  0|TAMS 0x00000000c3a00000, 0x00000000c3a00000|
|  27|0x00000000c3b00000, 0x00000000c3c00000, 0x00000000c3c00000|100%| S|CS|TS  0|AC  0|TAMS 0x00000000c3b00000, 0x00000000c3b00000|
|  28|0x00000000c3c00000, 0x00000000c3c00000, 0x00000000c3d00000|  0%| F|  |TS  0|AC  0|TAMS 0x00000000c3c00000, 0x00000000c3c00000|
|  29|0x00000000c3d00000, 0x00000000c3d00000, 0x00000000c3e00000|  0%| F|  |TS  0|AC  0|TAMS 0x00000000c3d00000, 0x00000000c3d00000|
|  30|0x00000000c3e00000, 0x00000000c3e00000, 0x00000000c3f00000|  0%| F|  |TS  0|AC  0|TAMS 0x00000000c3e00000, 0x00000000c3e00000|
|  31|0x00000000c3f00000, 0x00000000c3f00000, 0x00000000c4000000|  0%| F|  |TS  0|AC  0|TAMS 0x00000000c3f00000, 0x00000000c3f00000|
|  32|0x00000000c4000000, 0x00000000c4000000, 0x00000000c4100000|  0%| F|  |TS  0|AC  0|TAMS 0x00000000c4000000, 0x00000000c4000000|
|  33|0x00000000c4100000, 0x00000000c4100000, 0x00000000c4200000|  0%| F|  |TS  0|AC  0|TAMS 0x00000000c4100000, 0x00000000c4100000|
|  34|0x00000000c4200000, 0x00000000c4200000, 0x00000000c4300000|  0%| F|  |TS  0|AC  0|TAMS 0x00000000c4200000, 0x00000000c4200000|
|  35|0x00000000c4300000, 0x00000000c4300000, 0x00000000c4400000|  0%| F|  |TS  0|AC  0|TAMS 0x00000000c4300000, 0x00000000c4300000|
|  36|0x00000000c4400000, 0x00000000c4400000, 0x00000000c4500000|  0%| F|  |TS  0|AC  0|TAMS 0x00000000c4400000, 0x00000000c4400000|
|  37|0x00000000c4500000, 0x00000000c4500000, 0x00000000c4600000|  0%| F|  |TS  0|AC  0|TAMS 0x00000000c4500000, 0x00000000c4500000|
|  38|0x00000000c4600000, 0x00000000c4600000, 0x00000000c4700000|  0%| F|  |TS  0|AC  0|TAMS 0x00000000c4600000, 0x00000000c4600000|
|  39|0x00000000c4700000, 0x00000000c4700000, 0x00000000c4800000|  0%| F|  |TS  0|AC  0|TAMS 0x00000000c4700000, 0x00000000c4700000|
|  40|0x00000000c4800000, 0x00000000c4800000, 0x00000000c4900000|  0%| F|  |TS  0|AC  0|TAMS 0x00000000c4800000, 0x00000000c4800000|
|  41|0x00000000c4900000, 0x00000000c4900000, 0x00000000c4a00000|  0%| F|  |TS  0|AC  0|TAMS 0x00000000c4900000, 0x00000000c4900000|
|  42|0x00000000c4a00000, 0x00000000c4a00000, 0x00000000c4b00000|  0%| F|  |TS  0|AC  0|TAMS 0x00000000c4a00000, 0x00000000c4a00000|
|  43|0x00000000c4b00000, 0x00000000c4b00000, 0x00000000c4c00000|  0%| F|  |TS  0|AC  0|TAMS 0x00000000c4b00000, 0x00000000c4b00000|
|  44|0x00000000c4c00000, 0x00000000c4c00000, 0x00000000c4d00000|  0%| F|  |TS  0|AC  0|TAMS 0x00000000c4c00000, 0x00000000c4c00000|
|  45|0x00000000c4d00000, 0x00000000c4d00000, 0x00000000c4e00000|  0%| F|  |TS  0|AC  0|TAMS 0x00000000c4d00000, 0x00000000c4d00000|
|  46|0x00000000c4e00000, 0x00000000c4e00000, 0x00000000c4f00000|  0%| F|  |TS  0|AC  0|TAMS 0x00000000c4e00000, 0x00000000c4e00000|
|  47|0x00000000c4f00000, 0x00000000c4f00000, 0x00000000c5000000|  0%| F|  |TS  0|AC  0|TAMS 0x00000000c4f00000, 0x00000000c4f00000|
|  48|0x00000000c5000000, 0x00000000c5000000, 0x00000000c5100000|  0%| F|  |TS  0|AC  0|TAMS 0x00000000c5000000, 0x00000000c5000000|
|  49|0x00000000c5100000, 0x00000000c5100000, 0x00000000c5200000|  0%| F|  |TS  0|AC  0|TAMS 0x00000000c5100000, 0x00000000c5100000|
|  50|0x00000000c5200000, 0x00000000c5200000, 0x00000000c5300000|  0%| F|  |TS  0|AC  0|TAMS 0x00000000c5200000, 0x00000000c5200000|
|  51|0x00000000c5300000, 0x00000000c5300000, 0x00000000c5400000|  0%| F|  |TS  0|AC  0|TAMS 0x00000000c5300000, 0x00000000c5300000|
|  52|0x00000000c5400000, 0x00000000c5400000, 0x00000000c5500000|  0%| F|  |TS  0|AC  0|TAMS 0x00000000c5400000, 0x00000000c5400000|
|  53|0x00000000c5500000, 0x00000000c5500000, 0x00000000c5600000|  0%| F|  |TS  0|AC  0|TAMS 0x00000000c5500000, 0x00000000c5500000|
|  54|0x00000000c5600000, 0x00000000c5600000, 0x00000000c5700000|  0%| F|  |TS  0|AC  0|TAMS 0x00000000c5600000, 0x00000000c5600000|
|  55|0x00000000c5700000, 0x00000000c5700000, 0x00000000c5800000|  0%| F|  |TS  0|AC  0|TAMS 0x00000000c5700000, 0x00000000c5700000|
|  56|0x00000000c5800000, 0x00000000c5800000, 0x00000000c5900000|  0%| F|  |TS  0|AC  0|TAMS 0x00000000c5800000, 0x00000000c5800000|
|  57|0x00000000c5900000, 0x00000000c5900000, 0x00000000c5a00000|  0%| F|  |TS  0|AC  0|TAMS 0x00000000c5900000, 0x00000000c5900000|
|  58|0x00000000c5a00000, 0x00000000c5a00000, 0x00000000c5b00000|  0%| F|  |TS  0|AC  0|TAMS 0x00000000c5a00000, 0x00000000c5a00000|
|  59|0x00000000c5b00000, 0x00000000c5b00000, 0x00000000c5c00000|  0%| F|  |TS  0|AC  0|TAMS 0x00000000c5b00000, 0x00000000c5b00000|
|  60|0x00000000c5c00000, 0x00000000c5c80800, 0x00000000c5d00000| 50%| E|  |TS  0|AC  0|TAMS 0x00000000c5c00000, 0x00000000c5c00000|
|  61|0x00000000c5d00000, 0x00000000c5e00000, 0x00000000c5e00000|100%| E|CS|TS  0|AC  0|TAMS 0x00000000c5d00000, 0x00000000c5d00000|

Card table byte_map: [0x000002ae456f0000,0x000002ae458e0000] byte_map_base: 0x000002ae450e0000

Marking Bits (Prev, Next): (CMBitMap*) 0x000002ae2d8926c8, (CMBitMap*) 0x000002ae2d892690
 Prev Bits: [0x000002ae46a50000, 0x000002ae479d0000)
 Next Bits: [0x000002ae45ad0000, 0x000002ae46a50000)

Polling page: 0x000002ae2b720000

CodeHeap 'non-profiled nmethods': size=120064Kb used=306Kb max_used=306Kb free=119757Kb
 bounds [0x000002ae3d7b0000, 0x000002ae3da20000, 0x000002ae44cf0000]
CodeHeap 'profiled nmethods': size=120000Kb used=2183Kb max_used=2183Kb free=117816Kb
 bounds [0x000002ae36280000, 0x000002ae364f0000, 0x000002ae3d7b0000]
CodeHeap 'non-nmethods': size=5696Kb used=1232Kb max_used=1244Kb free=4463Kb
 bounds [0x000002ae35cf0000, 0x000002ae35f60000, 0x000002ae36280000]
 total_blobs=1693 nmethods=1092 adapters=306
 compilation: enabled

Compilation events (10 events):
Event: 2.171 Thread 0x000002ae4a874800 1067       1       java.lang.reflect.Method::getReturnType (5 bytes)
Event: 2.171 Thread 0x000002ae4a874800 nmethod 1067 0x000002ae3d7fb910 code [0x000002ae3d7fbac0, 0x000002ae3d7fbbd8]
Event: 2.171 Thread 0x000002ae4a874800 1068       1       java.lang.reflect.ProxyGenerator::access$300 (5 bytes)
Event: 2.172 Thread 0x000002ae4a874800 nmethod 1068 0x000002ae3d7fbc90 code [0x000002ae3d7fbe40, 0x000002ae3d7fbf38]
Event: 2.172 Thread 0x000002ae4a874800 1069       3       java.io.DataOutputStream::writeByte (14 bytes)
Event: 2.172 Thread 0x000002ae4a874800 nmethod 1069 0x000002ae36493c10 code [0x000002ae36493de0, 0x000002ae364940b0]
Event: 2.173 Thread 0x000002ae4a874800 1070       3       java.lang.reflect.ProxyGenerator$ConstantPool::getUtf8 (18 bytes)
Event: 2.173 Thread 0x000002ae4a801000 1073       4       java.util.HashMap::newNode (13 bytes)
Event: 2.173 Thread 0x000002ae4a874800 nmethod 1070 0x000002ae36494190 code [0x000002ae36494360, 0x000002ae364945e0]
Event: 2.173 Thread 0x000002ae4a874800 1071       3       java.lang.reflect.ProxyGenerator$ConstantPool::getValue (87 bytes)

GC Heap History (4 events):
Event: 0.828 GC heap before
{Heap before GC invocations=0 (full 0):
 garbage-first heap   total 63488K, used 14336K [0x00000000c2000000, 0x00000000c21001f0, 0x0000000100000000)
  region size 1024K, 14 young (14336K), 0 survivors (0K)
 Metaspace       used 4170K, capacity 4526K, committed 4864K, reserved 1056768K
  class space    used 412K, capacity 426K, committed 512K, reserved 1048576K
}
Event: 0.834 GC heap after
{Heap after GC invocations=1 (full 0):
 garbage-first heap   total 63488K, used 1517K [0x00000000c2000000, 0x00000000c21001f0, 0x0000000100000000)
  region size 1024K, 2 young (2048K), 2 survivors (2048K)
 Metaspace       used 4170K, capacity 4526K, committed 4864K, reserved 1056768K
  class space    used 412K, capacity 426K, committed 512K, reserved 1048576K
}
Event: 2.078 GC heap before
{Heap before GC invocations=1 (full 0):
 garbage-first heap   total 63488K, used 33261K [0x00000000c2000000, 0x00000000c21001f0, 0x0000000100000000)
  region size 1024K, 34 young (34816K), 2 survivors (2048K)
 Metaspace       used 11147K, capacity 11574K, committed 11648K, reserved 1064960K
  class space    used 1245K, capacity 1353K, committed 1408K, reserved 1048576K
}
Event: 2.089 GC heap after
{Heap after GC invocations=2 (full 0):
 garbage-first heap   total 63488K, used 5873K [0x00000000c2000000, 0x00000000c21001f0, 0x0000000100000000)
  region size 1024K, 5 young (5120K), 5 survivors (5120K)
 Metaspace       used 11147K, capacity 11574K, committed 11648K, reserved 1064960K
  class space    used 1245K, capacity 1353K, committed 1408K, reserved 1048576K
}

Deoptimization events (9 events):
Event: 0.628 Thread 0x000002ae2d830000 Uncommon trap: reason=range_check action=reinterpret pc=0x000002ae3d7b4be8 method=java.lang.StringLatin1.indexOf([BII)I @ 13 c2
Event: 1.292 Thread 0x000002ae2d830000 Uncommon trap: reason=unstable_if action=reinterpret pc=0x000002ae3d7b2e18 method=java.lang.String.charAt(I)C @ 4 c2
Event: 1.955 Thread 0x000002ae2d830000 Uncommon trap: reason=unstable_if action=reinterpret pc=0x000002ae3d7e41b4 method=java.lang.String.startsWith(Ljava/lang/String;I)Z @ 14 c2
Event: 1.963 Thread 0x000002ae2d830000 Uncommon trap: reason=unstable_if action=reinterpret pc=0x000002ae3d7cd6fc method=java.io.WinNTFileSystem.isSlash(C)Z @ 9 c2
Event: 2.168 Thread 0x000002ae2d830000 Uncommon trap: reason=unstable_if action=reinterpret pc=0x000002ae3d7f7910 method=java.util.HashMap.getNode(ILjava/lang/Object;)Ljava/util/HashMap$Node; @ 62 c2
Event: 2.168 Thread 0x000002ae2d830000 Uncommon trap: reason=class_check action=maybe_recompile pc=0x000002ae3d7eb638 method=java.util.HashMap.putVal(ILjava/lang/Object;Ljava/lang/Object;ZZ)Ljava/lang/Object; @ 91 c2
Event: 2.168 Thread 0x000002ae2d830000 Uncommon trap: reason=class_check action=maybe_recompile pc=0x000002ae3d7eb638 method=java.util.HashMap.putVal(ILjava/lang/Object;Ljava/lang/Object;ZZ)Ljava/lang/Object; @ 91 c2
Event: 2.168 Thread 0x000002ae2d830000 Uncommon trap: reason=class_check action=maybe_recompile pc=0x000002ae3d7eb638 method=java.util.HashMap.putVal(ILjava/lang/Object;Ljava/lang/Object;ZZ)Ljava/lang/Object; @ 91 c2
Event: 2.169 Thread 0x000002ae2d830000 Uncommon trap: reason=class_check action=maybe_recompile pc=0x000002ae3d7eb638 method=java.util.HashMap.putVal(ILjava/lang/Object;Ljava/lang/Object;ZZ)Ljava/lang/Object; @ 91 c2

Classes redefined (0 events):
No events

Internal exceptions (10 events):
Event: 1.848 Thread 0x000002ae2d830000 Exception <a 'java/lang/NoSuchMethodError'{0x00000000c40c13f8}: java.lang.invoke.DelegatingMethodHandle$Holder.reinvoke_L(Ljava/lang/Object;IILjava/lang/Object;Ljava/lang/Object;Ljava/lang/Object;)Ljava/lang/Object;> (0x00000000c40c13f8) thrown at [t:/wor
Event: 1.850 Thread 0x000002ae2d830000 Exception <a 'java/lang/NoSuchMethodError'{0x00000000c40c5f30}: method resolution failed> (0x00000000c40c5f30) thrown at [t:/workspace/hotspot/src/share/vm/prims/methodHandles.cpp, line 1256]
Event: 1.859 Thread 0x000002ae2d830000 Exception <a 'java/lang/NoSuchMethodError'{0x00000000c40da7a0}: method resolution failed> (0x00000000c40da7a0) thrown at [t:/workspace/hotspot/src/share/vm/prims/methodHandles.cpp, line 1256]
Event: 1.864 Thread 0x000002ae2d830000 Exception <a 'java/lang/NoSuchMethodError'{0x00000000c40ef890}: method resolution failed> (0x00000000c40ef890) thrown at [t:/workspace/hotspot/src/share/vm/prims/methodHandles.cpp, line 1256]
Event: 1.868 Thread 0x000002ae2d830000 Exception <a 'java/lang/NoSuchMethodError'{0x00000000c3f07290}: method resolution failed> (0x00000000c3f07290) thrown at [t:/workspace/hotspot/src/share/vm/prims/methodHandles.cpp, line 1256]
Event: 1.874 Thread 0x000002ae2d830000 Exception <a 'java/lang/NoSuchMethodError'{0x00000000c3f1fa68}: method resolution failed> (0x00000000c3f1fa68) thrown at [t:/workspace/hotspot/src/share/vm/prims/methodHandles.cpp, line 1256]
Event: 2.062 Thread 0x000002ae2d830000 Exception <a 'java/lang/NullPointerException'{0x00000000c3c67ca0}> (0x00000000c3c67ca0) thrown at [t:/workspace/hotspot/src/share/vm/interpreter/linkResolver.cpp, line 1399]
Event: 2.151 Thread 0x000002ae2d830000 Exception <a 'java/lang/NoSuchMethodError'{0x00000000c5c1a2d0}: java.lang.invoke.DirectMethodHandle$Holder.invokeInterface(Ljava/lang/Object;Ljava/lang/Object;Ljava/lang/Object;)I> (0x00000000c5c1a2d0) thrown at [t:/workspace/hotspot/src/share/vm/interpre
Event: 2.156 Thread 0x000002ae2d830000 Exception <a 'java/lang/NoSuchMethodError'{0x00000000c5c25b68}: java.lang.invoke.DirectMethodHandle$Holder.invokeStatic(Ljava/lang/Object;Ljava/lang/Object;)I> (0x00000000c5c25b68) thrown at [t:/workspace/hotspot/src/share/vm/interpreter/linkResolver.cpp,
Event: 2.160 Thread 0x000002ae2d830000 Exception <a 'java/lang/NoSuchMethodError'{0x00000000c5c32790}: java.lang.Object.of([Ljava/lang/Object;)Ljava/util/stream/Stream;> (0x00000000c5c32790) thrown at [t:/workspace/hotspot/src/share/vm/interpreter/linkResolver.cpp, line 731]

Events (10 events):
Event: 2.168 Thread 0x000002ae2d830000 Uncommon trap: trap_request=0xffffffde fr.pc=0x000002ae3d7eb638 relative=0x0000000000000e18
Event: 2.168 Thread 0x000002ae2d830000 DEOPT PACKING pc=0x000002ae3d7eb638 sp=0x000000f3042fb7a0
Event: 2.168 Thread 0x000002ae2d830000 DEOPT UNPACKING pc=0x000002ae35d3df29 sp=0x000000f3042fb740 mode 2
Event: 2.169 Thread 0x000002ae2d830000 Uncommon trap: trap_request=0xffffffde fr.pc=0x000002ae3d7eb638 relative=0x0000000000000e18
Event: 2.169 Thread 0x000002ae2d830000 DEOPT PACKING pc=0x000002ae3d7eb638 sp=0x000000f3042fb7c0
Event: 2.169 Thread 0x000002ae2d830000 DEOPT UNPACKING pc=0x000002ae35d3df29 sp=0x000000f3042fb760 mode 2
Event: 2.170 loading class java/lang/reflect/Proxy$ProxyBuilder$1
Event: 2.170 loading class java/lang/reflect/Proxy$ProxyBuilder$1 done
Event: 2.171 loading class sun/reflect/annotation/AnnotationTypeMismatchExceptionProxy
Event: 2.171 loading class sun/reflect/annotation/AnnotationTypeMismatchExceptionProxy done


Dynamic libraries:
0x00007ff60b360000 - 0x00007ff60b39e000 	C:\Program Files\Java\jre-9.0.4\bin\javaw.exe
0x00007ff9cd1c0000 - 0x00007ff9cd3a0000 	C:\WINDOWS\SYSTEM32\ntdll.dll
0x00007ff9ca960000 - 0x00007ff9caa0e000 	C:\WINDOWS\System32\KERNEL32.DLL
0x00007ff9c95c0000 - 0x00007ff9c9826000 	C:\WINDOWS\System32\KERNELBASE.dll
0x00007ff9cc9b0000 - 0x00007ff9cca51000 	C:\WINDOWS\System32\ADVAPI32.dll
0x00007ff9ccf40000 - 0x00007ff9ccfdd000 	C:\WINDOWS\System32\msvcrt.dll
0x00007ff9ccad0000 - 0x00007ff9ccb2b000 	C:\WINDOWS\System32\sechost.dll
0x00007ff9ca830000 - 0x00007ff9ca94f000 	C:\WINDOWS\System32\RPCRT4.dll
0x00007ff9cc330000 - 0x00007ff9cc4bf000 	C:\WINDOWS\System32\USER32.dll
0x00007ff9ca4d0000 - 0x00007ff9ca4f0000 	C:\WINDOWS\System32\win32u.dll
0x00007ff9ccd30000 - 0x00007ff9ccd58000 	C:\WINDOWS\System32\GDI32.dll
0x00007ff9ca4f0000 - 0x00007ff9ca683000 	C:\WINDOWS\System32\gdi32full.dll
0x00007ff9c9ce0000 - 0x00007ff9c9d7b000 	C:\WINDOWS\System32\msvcp_win.dll
0x00007ff9c9b60000 - 0x00007ff9c9c56000 	C:\WINDOWS\System32\ucrtbase.dll
0x00007ff9bd610000 - 0x00007ff9bd879000 	C:\WINDOWS\WinSxS\amd64_microsoft.windows.common-controls_6595b64144ccf1df_6.0.16299.431_none_15c7d3ee93659e73\COMCTL32.dll
0x00007ff9caa20000 - 0x00007ff9cad28000 	C:\WINDOWS\System32\combase.dll
0x00007ff9c9c60000 - 0x00007ff9c9cd2000 	C:\WINDOWS\System32\bcryptPrimitives.dll
0x00007ff9bd890000 - 0x00007ff9bd89a000 	C:\WINDOWS\SYSTEM32\VERSION.dll
0x00007ff9cc300000 - 0x00007ff9cc32d000 	C:\WINDOWS\System32\IMM32.DLL
0x00007ff998ef0000 - 0x00007ff998fdf000 	C:\Program Files\Java\jre-9.0.4\bin\msvcr120.dll
0x00007ff995e80000 - 0x00007ff995f26000 	C:\Program Files\Java\jre-9.0.4\bin\msvcp120.dll
0x0000000063580000 - 0x0000000063fa5000 	C:\Program Files\Java\jre-9.0.4\bin\server\jvm.dll
0x00007ff9ca950000 - 0x00007ff9ca958000 	C:\WINDOWS\System32\PSAPI.DLL
0x00007ff9bcdc0000 - 0x00007ff9bcdc9000 	C:\WINDOWS\SYSTEM32\WSOCK32.dll
0x00007ff9cca60000 - 0x00007ff9ccacc000 	C:\WINDOWS\System32\WS2_32.dll
0x00007ff9c5250000 - 0x00007ff9c5273000 	C:\WINDOWS\SYSTEM32\WINMM.dll
0x00007ff9c51e0000 - 0x00007ff9c520a000 	C:\WINDOWS\SYSTEM32\WINMMBASE.dll
0x00007ff9c9940000 - 0x00007ff9c998a000 	C:\WINDOWS\System32\cfgmgr32.dll
0x00007ff9c1cf0000 - 0x00007ff9c1cff000 	C:\Program Files\Java\jre-9.0.4\bin\verify.dll
0x00007ff9a3960000 - 0x00007ff9a3987000 	C:\Program Files\Java\jre-9.0.4\bin\java.dll
0x00007ff9bb890000 - 0x00007ff9bb8a6000 	C:\Program Files\Java\jre-9.0.4\bin\zip.dll
0x00007ff9c12e0000 - 0x00007ff9c12ea000 	C:\Program Files\Java\jre-9.0.4\bin\jimage.dll
0x00007ff9cad30000 - 0x00007ff9cc168000 	C:\WINDOWS\System32\SHELL32.dll
0x00007ff9ccd60000 - 0x00007ff9cce06000 	C:\WINDOWS\System32\shcore.dll
0x00007ff9c9d80000 - 0x00007ff9ca4c7000 	C:\WINDOWS\System32\windows.storage.dll
0x00007ff9cc2a0000 - 0x00007ff9cc2f1000 	C:\WINDOWS\System32\shlwapi.dll
0x00007ff9c95a0000 - 0x00007ff9c95b1000 	C:\WINDOWS\System32\kernel.appcore.dll
0x00007ff9c9510000 - 0x00007ff9c955c000 	C:\WINDOWS\System32\powrprof.dll
0x00007ff9c9580000 - 0x00007ff9c959b000 	C:\WINDOWS\System32\profapi.dll
0x00007ff9aaec0000 - 0x00007ff9aaeda000 	C:\Program Files\Java\jre-9.0.4\bin\net.dll
0x00007ff9bf510000 - 0x00007ff9bf5ee000 	C:\WINDOWS\SYSTEM32\WINHTTP.dll
0x00007ff9c8da0000 - 0x00007ff9c8e06000 	C:\WINDOWS\system32\mswsock.dll
0x00007ff9a6480000 - 0x00007ff9a6491000 	C:\Program Files\Java\jre-9.0.4\bin\nio.dll

VM Arguments:
jvm_args: -Dfile.encoding=Cp1250 
java_command: com.window.DataBaseManager
java_class_path (initial): C:\Users\Tomas\eclipse-workspace\Hotel_database\target\classes;C:\Users\Tomas\.m2\repository\javax\xml\bind\jaxb-api\2.2.11\jaxb-api-2.2.11.jar;C:\Users\Tomas\.m2\repository\org\hibernate\hibernate-core\5.2.12.Final\hibernate-core-5.2.12.Final.jar;C:\Users\Tomas\.m2\repository\org\jboss\logging\jboss-logging\3.3.0.Final\jboss-logging-3.3.0.Final.jar;C:\Users\Tomas\.m2\repository\org\hibernate\javax\persistence\hibernate-jpa-2.1-api\1.0.0.Final\hibernate-jpa-2.1-api-1.0.0.Final.jar;C:\Users\Tomas\.m2\repository\org\javassist\javassist\3.20.0-GA\javassist-3.20.0-GA.jar;C:\Users\Tomas\.m2\repository\antlr\antlr\2.7.7\antlr-2.7.7.jar;C:\Users\Tomas\.m2\repository\org\jboss\spec\javax\transaction\jboss-transaction-api_1.2_spec\1.0.1.Final\jboss-transaction-api_1.2_spec-1.0.1.Final.jar;C:\Users\Tomas\.m2\repository\org\jboss\jandex\2.0.3.Final\jandex-2.0.3.Final.jar;C:\Users\Tomas\.m2\repository\com\fasterxml\classmate\1.3.0\classmate-1.3.0.jar;C:\Users\Tomas\.m2\repository\dom4j\dom4j\1.6.1\dom4j-1.6.1.jar;C:\Users\Tomas\.m2\repository\org\hibernate\common\hibernate-commons-annotations\5.0.1.Final\hibernate-commons-annotations-5.0.1.Final.jar;C:\Users\Tomas\.m2\repository\mysql\mysql-connector-java\5.0.8\mysql-connector-java-5.0.8.jar;C:\Users\Tomas\.m2\repository\com\sun\xml\bind\jaxb-core\2.2.11\jaxb-core-2.2.11.jar;C:\Users\Tomas\.m2\repository\com\sun\xml\bind\jaxb-impl\2.2.11\jaxb-impl-2.2.11.jar;C:\Users\Tomas\.m2\repository\javax\activation\activation\1.1.1\activation-1.1.1.jar;C:\Users\Tomas\.m2\repository\org\springframework\spring-context\5.0.5.RELEASE\spring-context-5.0.5.RELEASE.jar;C:\Users\Tomas\.m2\repository\org\springframework\spring-aop\5.0.5.RELEASE\spring-aop-5.0.5.RELEASE.jar;C:\Users\Tomas\.m2\repository\org\springframework\spring-beans\5.0.5.RELEASE\spring-beans-5.0.5.RELEASE.jar;C:\Users\Tomas\.m2\repository\org\springframework\spring-core\5.0.5.RELEASE\spring-core-5.0.5.RELEASE.jar;C:\Users\Tomas\.m2\repository\org\sp
Launcher Type: SUN_STANDARD

Logging:
Log output configuration:
#0: stdout all=warning uptime,level,tags
#1: stderr all=off uptime,level,tags

Environment Variables:
PATH=C:\ProgramData\Oracle\Java\javapath;C:\Program Files (x86)\Intel\iCLS Client\;C:\Program Files\Intel\iCLS Client\;C:\WINDOWS\system32;C:\WINDOWS;C:\WINDOWS\System32\Wbem;C:\WINDOWS\System32\WindowsPowerShell\v1.0\;C:\Program Files (x86)\Intel\Intel(R) Management Engine Components\DAL;C:\Program Files\Intel\Intel(R) Management Engine Components\DAL;C:\Program Files (x86)\Intel\Intel(R) Management Engine Components\IPT;C:\Program Files\Intel\Intel(R) Management Engine Components\IPT;C:\Program Files (x86)\Skype\Phone\;C:\Program Files\Git\cmd;C:\Program Files\MySQL\MySQL Utilities 1.6\;C:\Users\Tomas\AppData\Local\Microsoft\WindowsApps;C:\Users\Tomas\AppData\Local\GitHubDesktop\bin
USERNAME=Tomas
OS=Windows_NT
PROCESSOR_IDENTIFIER=Intel64 Family 6 Model 78 Stepping 3, GenuineIntel



---------------  S Y S T E M  ---------------

OS: Windows 10 , 64 bit Build 16299 (10.0.16299.431)

CPU:total 4 (initial active 4) (2 cores per cpu, 2 threads per core) family 6 model 78 stepping 3, cmov, cx8, fxsr, mmx, sse, sse2, sse3, ssse3, sse4.1, sse4.2, popcnt, avx, avx2, aes, clmul, erms, 3dnowpref, lzcnt, ht, tsc, tscinvbit, bmi1, bmi2, adx, fma

Memory: 4k page, physical 4057152k(243060k free), swap 16640064k(1828k free)

vm_info: Java HotSpot(TM) 64-Bit Server VM (9.0.4+11) for windows-amd64 JRE (9.0.4+11), built on Dec 20 2017 02:18:54 by "mach5one" with MS VC++ 12.0 (VS2013)

END.
