#
# There is insufficient memory for the Java Runtime Environment to continue.
# Native memory allocation (malloc) failed to allocate 32744 bytes for ChunkPool::allocate
# Possible reasons:
#   The system is out of physical RAM or swap space
#   The process is running with CompressedOops enabled, and the Java Heap may be blocking the growth of the native heap
# Possible solutions:
#   Reduce memory load on the system
#   Increase physical memory or swap space
#   Check if swap backing store is full
#   Decrease Java heap size (-Xmx/-Xms)
#   Decrease number of Java threads
#   Decrease Java thread stack sizes (-Xss)
#   Set larger code cache with -XX:ReservedCodeCacheSize=
#   JVM is running with Unscaled Compressed Oops mode in which the Java heap is
#     placed in the first 4GB address space. The Java Heap base address is the
#     maximum limit for the native heap growth. Please use -XX:HeapBaseMinAddress
#     to set the Java Heap base and to place the Java Heap above 4GB virtual address.
# This output file may be truncated or incomplete.
#
#  Out of Memory Error (t:/workspace/hotspot/src/share/vm/memory/allocation.cpp:256), pid=16800, tid=23492
#
# JRE version: Java(TM) SE Runtime Environment (9.0+11) (build 9.0.4+11)
# Java VM: Java HotSpot(TM) 64-Bit Server VM (9.0.4+11, mixed mode, tiered, compressed oops, g1 gc, windows-amd64)
# No core dump will be written. Minidumps are not enabled by default on client versions of Windows
#

---------------  S U M M A R Y ------------

Command Line: -Dfile.encoding=Cp1250 com.DataBaseManager

Host: Intel(R) Core(TM) i3-6006U CPU @ 2.00GHz, 4 cores, 3G,  Windows 10 , 64 bit Build 16299 (10.0.16299.431)
Time: Tue May 29 18:19:12 2018 ?rodkowoeuropejski czas letni elapsed time: 5 seconds (0d 0h 0m 5s)

---------------  T H R E A D  ---------------

Current thread (0x000001b97fe36000):  JavaThread "C2 CompilerThread0" daemon [_thread_in_native, id=23492, stack(0x0000007a61700000,0x0000007a61800000)]


Current CompileTask:
C2:   5690 2379   !   4       jdk.internal.loader.BuiltinClassLoader::loadClassOrNull (143 bytes)

Stack: [0x0000007a61700000,0x0000007a61800000]
Native frames: (J=compiled Java code, j=interpreted, Vv=VM code, C=native code)
V  [jvm.dll+0x587068]
V  [jvm.dll+0x69c25e]
V  [jvm.dll+0x69d17a]
V  [jvm.dll+0x69d7b3]
V  [jvm.dll+0x21d198]
V  [jvm.dll+0xa802d]
V  [jvm.dll+0xa7afa]
V  [jvm.dll+0xa83ec]
V  [jvm.dll+0x32626f]
V  [jvm.dll+0x499434]
V  [jvm.dll+0x2e7ad9]
V  [jvm.dll+0x2e703a]
V  [jvm.dll+0x1e9ae1]
V  [jvm.dll+0x1e8d86]
V  [jvm.dll+0x1691cb]
V  [jvm.dll+0x1f6570]
V  [jvm.dll+0x1f51f6]
V  [jvm.dll+0x66b44f]
V  [jvm.dll+0x586490]
C  [msvcr120.dll+0x24f7f]
C  [msvcr120.dll+0x25126]
C  [KERNEL32.DLL+0x11fe4]
C  [ntdll.dll+0x6f061]


---------------  P R O C E S S  ---------------

Java Threads: ( => current thread )
  0x000001b910c82800 JavaThread "pool-1-thread-1" [_thread_blocked, id=21948, stack(0x0000007a62300000,0x0000007a62400000)]
  0x000001b90fe99800 JavaThread "MySQL Statement Cancellation Timer" daemon [_thread_blocked, id=24408, stack(0x0000007a62200000,0x0000007a62300000)]
  0x000001b90f494800 JavaThread "AWT-EventQueue-0" [_thread_blocked, id=26948, stack(0x0000007a62100000,0x0000007a62200000)]
  0x000001b90ff22000 JavaThread "AWT-Windows" daemon [_thread_in_native, id=7292, stack(0x0000007a62000000,0x0000007a62100000)]
  0x000001b90ff21800 JavaThread "AWT-Shutdown" [_thread_blocked, id=26812, stack(0x0000007a61f00000,0x0000007a62000000)]
  0x000001b90fe9e800 JavaThread "Java2D Disposer" daemon [_thread_blocked, id=2956, stack(0x0000007a61e00000,0x0000007a61f00000)]
  0x000001b90f1b8800 JavaThread "Service Thread" daemon [_thread_blocked, id=11096, stack(0x0000007a61c00000,0x0000007a61d00000)]
  0x000001b97ff52000 JavaThread "Common-Cleaner" daemon [_thread_blocked, id=11308, stack(0x0000007a61b00000,0x0000007a61c00000)]
  0x000001b97fe5e000 JavaThread "Sweeper thread" daemon [_thread_blocked, id=25504, stack(0x0000007a61a00000,0x0000007a61b00000)]
  0x000001b97fe50800 JavaThread "C1 CompilerThread2" daemon [_thread_blocked, id=22476, stack(0x0000007a61900000,0x0000007a61a00000)]
  0x000001b97fe40800 JavaThread "C2 CompilerThread1" daemon [_thread_in_native, id=12952, stack(0x0000007a61800000,0x0000007a61900000)]
=>0x000001b97fe36000 JavaThread "C2 CompilerThread0" daemon [_thread_in_native, id=23492, stack(0x0000007a61700000,0x0000007a61800000)]
  0x000001b97fe33000 JavaThread "Attach Listener" daemon [_thread_blocked, id=2056, stack(0x0000007a61600000,0x0000007a61700000)]
  0x000001b97fe32000 JavaThread "Signal Dispatcher" daemon [_thread_blocked, id=14356, stack(0x0000007a61500000,0x0000007a61600000)]
  0x000001b97fdf4000 JavaThread "Finalizer" daemon [_thread_blocked, id=6400, stack(0x0000007a61300000,0x0000007a61400000)]
  0x000001b97fdf1000 JavaThread "Reference Handler" daemon [_thread_blocked, id=10132, stack(0x0000007a61200000,0x0000007a61300000)]
  0x000001b971e64000 JavaThread "main" [_thread_in_vm, id=14288, stack(0x0000007a60500000,0x0000007a60600000)]

Other Threads:
  0x000001b97fdec800 VMThread "VM Thread" [stack: 0x0000007a61100000,0x0000007a61200000] [id=23692]
  0x000001b90f1bf000 WatcherThread [stack: 0x0000007a61d00000,0x0000007a61e00000] [id=27428]
  0x000001b971e7b800 GCTaskThread "GC Thread#0" [stack: 0x0000007a60600000,0x0000007a60700000] [id=26032]
  0x000001b971e7c800 GCTaskThread "GC Thread#1" [stack: 0x0000007a60700000,0x0000007a60800000] [id=27244]
  0x000001b971e7f800 GCTaskThread "GC Thread#2" [stack: 0x0000007a60800000,0x0000007a60900000] [id=24824]
  0x000001b971e82000 GCTaskThread "GC Thread#3" [stack: 0x0000007a60900000,0x0000007a60a00000] [id=16588]
  0x000001b971ecc800 ConcurrentGCThread "G1 Main Marker" [stack: 0x0000007a60f00000,0x0000007a61000000] [id=11212]
  0x000001b971ecd800 ConcurrentGCThread "G1 Marker#0" [stack: 0x0000007a61000000,0x0000007a61100000] [id=13976]
  0x000001b971e93000 ConcurrentGCThread "G1 Refine#0" [stack: 0x0000007a60d00000,0x0000007a60e00000] [id=6768]
  0x000001b971e91800 ConcurrentGCThread "G1 Refine#1" [stack: 0x0000007a60c00000,0x0000007a60d00000] [id=18876]
  0x000001b971e8f000 ConcurrentGCThread "G1 Refine#2" [stack: 0x0000007a60b00000,0x0000007a60c00000] [id=12704]
  0x000001b971e84000 ConcurrentGCThread "G1 Refine#3" [stack: 0x0000007a60a00000,0x0000007a60b00000] [id=26704]
  0x000001b971e99000 ConcurrentGCThread "G1 Young RemSet Sampling" [stack: 0x0000007a60e00000,0x0000007a60f00000] [id=26480]

Threads with active compile tasks:
C2 CompilerThread12386       4       java.net.URLStreamHandler::parseURL (1201 bytes)
C2 CompilerThread02379   !   4       jdk.internal.loader.BuiltinClassLoader::loadClassOrNull (143 bytes)

VM state:not at safepoint (normal execution)

VM Mutex/Monitor currently owned by a thread: None

Heap address: 0x00000000c2000000, size: 992 MB, Compressed Oops mode: 32-bit
Narrow klass base: 0x0000000000000000, Narrow klass shift: 3
Compressed class space size: 1073741824 Address: 0x0000000100000000

Heap:
 garbage-first heap   total 63488K, used 25570K [0x00000000c2000000, 0x00000000c21001f0, 0x0000000100000000)
  region size 1024K, 14 young (14336K), 5 survivors (5120K)
 Metaspace       used 32528K, capacity 33796K, committed 34176K, reserved 1079296K
  class space    used 4086K, capacity 4354K, committed 4480K, reserved 1048576K
Heap Regions: E=young(eden), S=young(survivor), O=old, HS=humongous(starts), HC=humongous(continues), CS=collection set, F=free, A=archive, TS=gc time stamp, AC=allocation context, TAMS=top-at-mark-start (previous, next)
|   0|0x00000000c2000000, 0x00000000c2100000, 0x00000000c2100000|100%| O|  |TS  0|AC  0|TAMS 0x00000000c2100000, 0x00000000c2100000|
|   1|0x00000000c2100000, 0x00000000c2200000, 0x00000000c2200000|100%| O|  |TS  0|AC  0|TAMS 0x00000000c2200000, 0x00000000c2200000|
|   2|0x00000000c2200000, 0x00000000c2300000, 0x00000000c2300000|100%|HS|  |TS  0|AC  0|TAMS 0x00000000c2300000, 0x00000000c2300000|
|   3|0x00000000c2300000, 0x00000000c2400000, 0x00000000c2400000|100%|HC|  |TS  0|AC  0|TAMS 0x00000000c2400000, 0x00000000c2400000|
|   4|0x00000000c2400000, 0x00000000c2500000, 0x00000000c2500000|100%| O|  |TS  0|AC  0|TAMS 0x00000000c2500000, 0x00000000c2500000|
|   5|0x00000000c2500000, 0x00000000c2600000, 0x00000000c2600000|100%| O|  |TS  0|AC  0|TAMS 0x00000000c2600000, 0x00000000c2600000|
|   6|0x00000000c2600000, 0x00000000c2700000, 0x00000000c2700000|100%| O|  |TS  1|AC  0|TAMS 0x00000000c26fcc00, 0x00000000c26fcc00|
|   7|0x00000000c2700000, 0x00000000c2800000, 0x00000000c2800000|100%| O|  |TS  1|AC  0|TAMS 0x00000000c2700000, 0x00000000c2700000|
|   8|0x00000000c2800000, 0x00000000c2900000, 0x00000000c2900000|100%| O|  |TS  1|AC  0|TAMS 0x00000000c2800000, 0x00000000c2800000|
|   9|0x00000000c2900000, 0x00000000c2a00000, 0x00000000c2a00000|100%| O|  |TS  1|AC  0|TAMS 0x00000000c2900000, 0x00000000c2900000|
|  10|0x00000000c2a00000, 0x00000000c2b00000, 0x00000000c2b00000|100%| O|  |TS  1|AC  0|TAMS 0x00000000c2a00000, 0x00000000c2a00000|
|  11|0x00000000c2b00000, 0x00000000c2bf8a00, 0x00000000c2c00000| 97%| O|  |TS  1|AC  0|TAMS 0x00000000c2b00000, 0x00000000c2b00000|
|  12|0x00000000c2c00000, 0x00000000c2c00000, 0x00000000c2d00000|  0%| F|  |TS  0|AC  0|TAMS 0x00000000c2c00000, 0x00000000c2c00000|
|  13|0x00000000c2d00000, 0x00000000c2d00000, 0x00000000c2e00000|  0%| F|  |TS  0|AC  0|TAMS 0x00000000c2d00000, 0x00000000c2d00000|
|  14|0x00000000c2e00000, 0x00000000c2e00000, 0x00000000c2f00000|  0%| F|  |TS  0|AC  0|TAMS 0x00000000c2e00000, 0x00000000c2e00000|
|  15|0x00000000c2f00000, 0x00000000c2f00000, 0x00000000c3000000|  0%| F|  |TS  0|AC  0|TAMS 0x00000000c2f00000, 0x00000000c2f00000|
|  16|0x00000000c3000000, 0x00000000c3000000, 0x00000000c3100000|  0%| F|  |TS  0|AC  0|TAMS 0x00000000c3000000, 0x00000000c3000000|
|  17|0x00000000c3100000, 0x00000000c3100000, 0x00000000c3200000|  0%| F|  |TS  0|AC  0|TAMS 0x00000000c3100000, 0x00000000c3100000|
|  18|0x00000000c3200000, 0x00000000c3200000, 0x00000000c3300000|  0%| F|  |TS  0|AC  0|TAMS 0x00000000c3200000, 0x00000000c3200000|
|  19|0x00000000c3300000, 0x00000000c3300000, 0x00000000c3400000|  0%| F|  |TS  0|AC  0|TAMS 0x00000000c3300000, 0x00000000c3300000|
|  20|0x00000000c3400000, 0x00000000c3500000, 0x00000000c3500000|100%| S|CS|TS  1|AC  0|TAMS 0x00000000c3400000, 0x00000000c3400000|
|  21|0x00000000c3500000, 0x00000000c3600000, 0x00000000c3600000|100%| S|CS|TS  1|AC  0|TAMS 0x00000000c3500000, 0x00000000c3500000|
|  22|0x00000000c3600000, 0x00000000c3700000, 0x00000000c3700000|100%| S|CS|TS  1|AC  0|TAMS 0x00000000c3600000, 0x00000000c3600000|
|  23|0x00000000c3700000, 0x00000000c3800000, 0x00000000c3800000|100%| S|CS|TS  1|AC  0|TAMS 0x00000000c3700000, 0x00000000c3700000|
|  24|0x00000000c3800000, 0x00000000c3900000, 0x00000000c3900000|100%| S|CS|TS  1|AC  0|TAMS 0x00000000c3800000, 0x00000000c3800000|
|  25|0x00000000c3900000, 0x00000000c3900000, 0x00000000c3a00000|  0%| F|  |TS  1|AC  0|TAMS 0x00000000c3900000, 0x00000000c3900000|
|  26|0x00000000c3a00000, 0x00000000c3a00000, 0x00000000c3b00000|  0%| F|  |TS  1|AC  0|TAMS 0x00000000c3a00000, 0x00000000c3a00000|
|  27|0x00000000c3b00000, 0x00000000c3b00000, 0x00000000c3c00000|  0%| F|  |TS  1|AC  0|TAMS 0x00000000c3b00000, 0x00000000c3b00000|
|  28|0x00000000c3c00000, 0x00000000c3c00000, 0x00000000c3d00000|  0%| F|  |TS  1|AC  0|TAMS 0x00000000c3c00000, 0x00000000c3c00000|
|  29|0x00000000c3d00000, 0x00000000c3d00000, 0x00000000c3e00000|  0%| F|  |TS  1|AC  0|TAMS 0x00000000c3d00000, 0x00000000c3d00000|
|  30|0x00000000c3e00000, 0x00000000c3e00000, 0x00000000c3f00000|  0%| F|  |TS  1|AC  0|TAMS 0x00000000c3e00000, 0x00000000c3e00000|
|  31|0x00000000c3f00000, 0x00000000c3f00000, 0x00000000c4000000|  0%| F|  |TS  1|AC  0|TAMS 0x00000000c3f00000, 0x00000000c3f00000|
|  32|0x00000000c4000000, 0x00000000c4000000, 0x00000000c4100000|  0%| F|  |TS  1|AC  0|TAMS 0x00000000c4000000, 0x00000000c4000000|
|  33|0x00000000c4100000, 0x00000000c4100000, 0x00000000c4200000|  0%| F|  |TS  1|AC  0|TAMS 0x00000000c4100000, 0x00000000c4100000|
|  34|0x00000000c4200000, 0x00000000c4200000, 0x00000000c4300000|  0%| F|  |TS  1|AC  0|TAMS 0x00000000c4200000, 0x00000000c4200000|
|  35|0x00000000c4300000, 0x00000000c4300000, 0x00000000c4400000|  0%| F|  |TS  1|AC  0|TAMS 0x00000000c4300000, 0x00000000c4300000|
|  36|0x00000000c4400000, 0x00000000c4400000, 0x00000000c4500000|  0%| F|  |TS  1|AC  0|TAMS 0x00000000c4400000, 0x00000000c4400000|
|  37|0x00000000c4500000, 0x00000000c4500000, 0x00000000c4600000|  0%| F|  |TS  1|AC  0|TAMS 0x00000000c4500000, 0x00000000c4500000|
|  38|0x00000000c4600000, 0x00000000c4600000, 0x00000000c4700000|  0%| F|  |TS  1|AC  0|TAMS 0x00000000c4600000, 0x00000000c4600000|
|  39|0x00000000c4700000, 0x00000000c4700000, 0x00000000c4800000|  0%| F|  |TS  1|AC  0|TAMS 0x00000000c4700000, 0x00000000c4700000|
|  40|0x00000000c4800000, 0x00000000c4800000, 0x00000000c4900000|  0%| F|  |TS  1|AC  0|TAMS 0x00000000c4800000, 0x00000000c4800000|
|  41|0x00000000c4900000, 0x00000000c4900000, 0x00000000c4a00000|  0%| F|  |TS  1|AC  0|TAMS 0x00000000c4900000, 0x00000000c4900000|
|  42|0x00000000c4a00000, 0x00000000c4a00000, 0x00000000c4b00000|  0%| F|  |TS  1|AC  0|TAMS 0x00000000c4a00000, 0x00000000c4a00000|
|  43|0x00000000c4b00000, 0x00000000c4b00000, 0x00000000c4c00000|  0%| F|  |TS  1|AC  0|TAMS 0x00000000c4b00000, 0x00000000c4b00000|
|  44|0x00000000c4c00000, 0x00000000c4c00000, 0x00000000c4d00000|  0%| F|  |TS  1|AC  0|TAMS 0x00000000c4c00000, 0x00000000c4c00000|
|  45|0x00000000c4d00000, 0x00000000c4d00000, 0x00000000c4e00000|  0%| F|  |TS  1|AC  0|TAMS 0x00000000c4d00000, 0x00000000c4d00000|
|  46|0x00000000c4e00000, 0x00000000c4e00000, 0x00000000c4f00000|  0%| F|  |TS  1|AC  0|TAMS 0x00000000c4e00000, 0x00000000c4e00000|
|  47|0x00000000c4f00000, 0x00000000c4f00000, 0x00000000c5000000|  0%| F|  |TS  1|AC  0|TAMS 0x00000000c4f00000, 0x00000000c4f00000|
|  48|0x00000000c5000000, 0x00000000c5000000, 0x00000000c5100000|  0%| F|  |TS  1|AC  0|TAMS 0x00000000c5000000, 0x00000000c5000000|
|  49|0x00000000c5100000, 0x00000000c5100000, 0x00000000c5200000|  0%| F|  |TS  1|AC  0|TAMS 0x00000000c5100000, 0x00000000c5100000|
|  50|0x00000000c5200000, 0x00000000c5200000, 0x00000000c5300000|  0%| F|  |TS  1|AC  0|TAMS 0x00000000c5200000, 0x00000000c5200000|
|  51|0x00000000c5300000, 0x00000000c5300000, 0x00000000c5400000|  0%| F|  |TS  1|AC  0|TAMS 0x00000000c5300000, 0x00000000c5300000|
|  52|0x00000000c5400000, 0x00000000c5400000, 0x00000000c5500000|  0%| F|  |TS  1|AC  0|TAMS 0x00000000c5400000, 0x00000000c5400000|
|  53|0x00000000c5500000, 0x00000000c55866a8, 0x00000000c5600000| 52%| E|  |TS  1|AC  0|TAMS 0x00000000c5500000, 0x00000000c5500000|
|  54|0x00000000c5600000, 0x00000000c5700000, 0x00000000c5700000|100%| E|CS|TS  1|AC  0|TAMS 0x00000000c5600000, 0x00000000c5600000|
|  55|0x00000000c5700000, 0x00000000c5800000, 0x00000000c5800000|100%| E|CS|TS  1|AC  0|TAMS 0x00000000c5700000, 0x00000000c5700000|
|  56|0x00000000c5800000, 0x00000000c5900000, 0x00000000c5900000|100%| E|CS|TS  1|AC  0|TAMS 0x00000000c5800000, 0x00000000c5800000|
|  57|0x00000000c5900000, 0x00000000c5a00000, 0x00000000c5a00000|100%| E|CS|TS  1|AC  0|TAMS 0x00000000c5900000, 0x00000000c5900000|
|  58|0x00000000c5a00000, 0x00000000c5b00000, 0x00000000c5b00000|100%| E|CS|TS  1|AC  0|TAMS 0x00000000c5a00000, 0x00000000c5a00000|
|  59|0x00000000c5b00000, 0x00000000c5c00000, 0x00000000c5c00000|100%| E|CS|TS  1|AC  0|TAMS 0x00000000c5b00000, 0x00000000c5b00000|
|  60|0x00000000c5c00000, 0x00000000c5d00000, 0x00000000c5d00000|100%| E|CS|TS  1|AC  0|TAMS 0x00000000c5c00000, 0x00000000c5c00000|
|  61|0x00000000c5d00000, 0x00000000c5e00000, 0x00000000c5e00000|100%| E|CS|TS  1|AC  0|TAMS 0x00000000c5d00000, 0x00000000c5d00000|

Card table byte_map: [0x000001b97ad50000,0x000001b97af40000] byte_map_base: 0x000001b97a740000

Marking Bits (Prev, Next): (CMBitMap*) 0x000001b971ecbb78, (CMBitMap*) 0x000001b971ecbb40
 Prev Bits: [0x000001b97c0b0000, 0x000001b97d030000)
 Next Bits: [0x000001b97b130000, 0x000001b97c0b0000)

Polling page: 0x000001b96fd40000

CodeHeap 'non-profiled nmethods': size=120064Kb used=1114Kb max_used=1114Kb free=118949Kb
 bounds [0x000001b907ac0000, 0x000001b907d30000, 0x000001b90f000000]
CodeHeap 'profiled nmethods': size=120000Kb used=4972Kb max_used=4972Kb free=115027Kb
 bounds [0x000001b900590000, 0x000001b900a70000, 0x000001b907ac0000]
CodeHeap 'non-nmethods': size=5696Kb used=1425Kb max_used=1433Kb free=4270Kb
 bounds [0x000001b900000000, 0x000001b900270000, 0x000001b900590000]
 total_blobs=3596 nmethods=2394 adapters=594
 compilation: enabled

Compilation events (10 events):
Event: 5.637 Thread 0x000001b97fe50800 2393       3       java.util.Formatter::ensureOpen (16 bytes)
Event: 5.637 Thread 0x000001b97fe50800 nmethod 2393 0x000001b900a68b10 code [0x000001b900a68cc0, 0x000001b900a68ed0]
Event: 5.638 Thread 0x000001b97fe50800 2394       3       java.lang.Class::getDeclaredMethods (27 bytes)
Event: 5.638 Thread 0x000001b97fe50800 nmethod 2394 0x000001b900a68f90 code [0x000001b900a69180, 0x000001b900a69460]
Event: 5.638 Thread 0x000001b97fe50800 2396       3       java.util.Formatter$FormatSpecifier::checkGeneral (114 bytes)
Event: 5.639 Thread 0x000001b97fe50800 nmethod 2396 0x000001b900a69590 code [0x000001b900a69840, 0x000001b900a6a710]
Event: 5.639 Thread 0x000001b97fe50800 2395       1       java.text.DecimalFormatSymbols::getZeroDigit (5 bytes)
Event: 5.639 Thread 0x000001b97fe50800 nmethod 2395 0x000001b907bd6690 code [0x000001b907bd6840, 0x000001b907bd6958]
Event: 5.641 Thread 0x000001b97fe50800 2397       3       sun.util.locale.BaseLocale::equals (71 bytes)
Event: 5.641 Thread 0x000001b97fe50800 nmethod 2397 0x000001b900a6ab10 code [0x000001b900a6ace0, 0x000001b900a6b1d8]

GC Heap History (8 events):
Event: 0.496 GC heap before
{Heap before GC invocations=0 (full 0):
 garbage-first heap   total 63488K, used 14336K [0x00000000c2000000, 0x00000000c21001f0, 0x0000000100000000)
  region size 1024K, 14 young (14336K), 0 survivors (0K)
 Metaspace       used 4538K, capacity 4638K, committed 4864K, reserved 1056768K
  class space    used 453K, capacity 462K, committed 512K, reserved 1048576K
}
Event: 0.499 GC heap after
{Heap after GC invocations=1 (full 0):
 garbage-first heap   total 63488K, used 2334K [0x00000000c2000000, 0x00000000c21001f0, 0x0000000100000000)
  region size 1024K, 2 young (2048K), 2 survivors (2048K)
 Metaspace       used 4538K, capacity 4638K, committed 4864K, reserved 1056768K
  class space    used 453K, capacity 462K, committed 512K, reserved 1048576K
}
Event: 1.647 GC heap before
{Heap before GC invocations=1 (full 0):
 garbage-first heap   total 63488K, used 38174K [0x00000000c2000000, 0x00000000c21001f0, 0x0000000100000000)
  region size 1024K, 37 young (37888K), 2 survivors (2048K)
 Metaspace       used 11405K, capacity 11898K, committed 12160K, reserved 1060864K
  class space    used 1259K, capacity 1341K, committed 1408K, reserved 1048576K
}
Event: 1.656 GC heap after
{Heap after GC invocations=2 (full 0):
 garbage-first heap   total 63488K, used 6190K [0x00000000c2000000, 0x00000000c21001f0, 0x0000000100000000)
  region size 1024K, 5 young (5120K), 5 survivors (5120K)
 Metaspace       used 11405K, capacity 11898K, committed 12160K, reserved 1060864K
  class space    used 1259K, capacity 1341K, committed 1408K, reserved 1048576K
}
Event: 3.157 GC heap before
{Heap before GC invocations=2 (full 0):
 garbage-first heap   total 63488K, used 29742K [0x00000000c2000000, 0x00000000c21001f0, 0x0000000100000000)
  region size 1024K, 27 young (27648K), 5 survivors (5120K)
 Metaspace       used 20076K, capacity 21202K, committed 21296K, reserved 1069056K
  class space    used 2424K, capacity 2667K, committed 2688K, reserved 1048576K
}
Event: 3.173 GC heap after
{Heap after GC invocations=3 (full 0):
 garbage-first heap   total 63488K, used 11244K [0x00000000c2000000, 0x00000000c21001f0, 0x0000000100000000)
  region size 1024K, 4 young (4096K), 4 survivors (4096K)
 Metaspace       used 20076K, capacity 21202K, committed 21296K, reserved 1069056K
  class space    used 2424K, capacity 2667K, committed 2688K, reserved 1048576K
}
Event: 5.289 GC heap before
{Heap before GC invocations=4 (full 0):
 garbage-first heap   total 63488K, used 45036K [0x00000000c2000000, 0x00000000c21001f0, 0x0000000100000000)
  region size 1024K, 37 young (37888K), 4 survivors (4096K)
 Metaspace       used 30309K, capacity 31570K, committed 31872K, reserved 1077248K
  class space    used 3831K, capacity 4125K, committed 4224K, reserved 1048576K
}
Event: 5.306 GC heap after
{Heap after GC invocations=5 (full 0):
 garbage-first heap   total 63488K, used 17378K [0x00000000c2000000, 0x00000000c21001f0, 0x0000000100000000)
  region size 1024K, 5 young (5120K), 5 survivors (5120K)
 Metaspace       used 30309K, capacity 31570K, committed 31872K, reserved 1077248K
  class space    used 3831K, capacity 4125K, committed 4224K, reserved 1048576K
}

Deoptimization events (10 events):
Event: 2.298 Thread 0x000001b971e64000 Uncommon trap: reason=unstable_if action=reinterpret pc=0x000001b907afb4fc method=java.nio.Buffer.hasRemaining()Z @ 8 c2
Event: 2.465 Thread 0x000001b971e64000 Uncommon trap: reason=unstable_if action=reinterpret pc=0x000001b907b2da5c method=java.lang.ref.SoftReference.get()Ljava/lang/Object; @ 6 c2
Event: 2.720 Thread 0x000001b971e64000 Uncommon trap: reason=unstable_if action=reinterpret pc=0x000001b907b19120 method=sun.net.www.ParseUtil.firstEncodeIndex(Ljava/lang/String;)I @ 51 c2
Event: 4.067 Thread 0x000001b971e64000 Uncommon trap: reason=unstable_if action=reinterpret pc=0x000001b907b8411c method=java.lang.CharacterDataLatin1.isWhitespace(I)Z @ 14 c2
Event: 4.375 Thread 0x000001b971e64000 Uncommon trap: reason=unstable_if action=reinterpret pc=0x000001b907ba670c method=java.lang.String.<init>([CIILjava/lang/Void;)V @ 5 c2
Event: 4.598 Thread 0x000001b971e64000 Uncommon trap: reason=bimorphic_or_optimized_type_check action=maybe_recompile pc=0x000001b907b7a844 method=java.util.regex.Pattern$BmpCharProperty.match(Ljava/util/regex/Matcher;ILjava/lang/CharSequence;)Z @ 36 c2
Event: 4.598 Thread 0x000001b971e64000 Uncommon trap: reason=bimorphic_or_optimized_type_check action=maybe_recompile pc=0x000001b907b7a844 method=java.util.regex.Pattern$BmpCharProperty.match(Ljava/util/regex/Matcher;ILjava/lang/CharSequence;)Z @ 36 c2
Event: 4.598 Thread 0x000001b971e64000 Uncommon trap: reason=bimorphic_or_optimized_type_check action=maybe_recompile pc=0x000001b907b7a844 method=java.util.regex.Pattern$BmpCharProperty.match(Ljava/util/regex/Matcher;ILjava/lang/CharSequence;)Z @ 36 c2
Event: 4.598 Thread 0x000001b971e64000 Uncommon trap: reason=bimorphic_or_optimized_type_check action=maybe_recompile pc=0x000001b907b7a844 method=java.util.regex.Pattern$BmpCharProperty.match(Ljava/util/regex/Matcher;ILjava/lang/CharSequence;)Z @ 36 c2
Event: 4.881 Thread 0x000001b971e64000 Uncommon trap: reason=unstable_if action=reinterpret pc=0x000001b907b719f4 method=java.io.WinNTFileSystem.normalize(Ljava/lang/String;)Ljava/lang/String; @ 128 c2

Classes redefined (0 events):
No events

Internal exceptions (10 events):
Event: 4.008 Thread 0x000001b971e64000 Exception <a 'java/security/PrivilegedActionException'{0x00000000c4d68168}> (0x00000000c4d68168) thrown at [t:/workspace/hotspot/src/share/vm/prims/jvm.cpp, line 1310]
Event: 4.008 Thread 0x000001b971e64000 Exception <a 'java/security/PrivilegedActionException'{0x00000000c4d68560}> (0x00000000c4d68560) thrown at [t:/workspace/hotspot/src/share/vm/prims/jvm.cpp, line 1310]
Event: 4.009 Thread 0x000001b971e64000 Exception <a 'java/security/PrivilegedActionException'{0x00000000c4d6fb20}> (0x00000000c4d6fb20) thrown at [t:/workspace/hotspot/src/share/vm/prims/jvm.cpp, line 1310]
Event: 4.009 Thread 0x000001b971e64000 Exception <a 'java/security/PrivilegedActionException'{0x00000000c4d6ff18}> (0x00000000c4d6ff18) thrown at [t:/workspace/hotspot/src/share/vm/prims/jvm.cpp, line 1310]
Event: 4.612 Thread 0x000001b971e64000 Exception <a 'java/lang/reflect/InvocationTargetException'{0x00000000c432dbe8}> (0x00000000c432dbe8) thrown at [t:/workspace/hotspot/src/share/vm/runtime/reflection.cpp, line 1213]
Event: 4.691 Thread 0x000001b971e64000 Exception <a 'java/lang/NoSuchMethodError'{0x00000000c4100fe8}: java.lang.invoke.DirectMethodHandle$Holder.invokeStatic(Ljava/lang/Object;IIII)Ljava/lang/Object;> (0x00000000c4100fe8) thrown at [t:/workspace/hotspot/src/share/vm/interpreter/linkResolver.c
Event: 4.692 Thread 0x000001b971e64000 Exception <a 'java/lang/NoSuchMethodError'{0x00000000c4104238}: java.lang.invoke.DirectMethodHandle$Holder.invokeStaticInit(Ljava/lang/Object;IIII)Ljava/lang/Object;> (0x00000000c4104238) thrown at [t:/workspace/hotspot/src/share/vm/interpreter/linkResolv
Event: 4.899 Thread 0x000001b971e64000 Exception <a 'java/lang/NoSuchMethodError'{0x00000000c4129498}: java.lang.invoke.DirectMethodHandle$Holder.invokeStatic(Ljava/lang/Object;Ljava/lang/Object;IIII)Ljava/lang/Object;> (0x00000000c4129498) thrown at [t:/workspace/hotspot/src/share/vm/interpre
Event: 4.900 Thread 0x000001b971e64000 Exception <a 'java/lang/NoSuchMethodError'{0x00000000c412c950}: java.lang.invoke.DirectMethodHandle$Holder.invokeStaticInit(Ljava/lang/Object;Ljava/lang/Object;IIII)Ljava/lang/Object;> (0x00000000c412c950) thrown at [t:/workspace/hotspot/src/share/vm/inte
Event: 5.604 Thread 0x000001b971e64000 Exception <a 'java/lang/NoSuchMethodError'{0x00000000c57ceed0}: java.lang.Object.lambda$union$3(Ljava/util/regex/Pattern$CharPredicate;I)Z> (0x00000000c57ceed0) thrown at [t:/workspace/hotspot/src/share/vm/interpreter/linkResolver.cpp, line 731]

Events (10 events):
Event: 5.674 loading class javassist/bytecode/LongVector
Event: 5.674 loading class javassist/bytecode/LongVector done
Event: 5.675 loading class javassist/bytecode/Descriptor
Event: 5.675 loading class javassist/bytecode/Descriptor done
Event: 5.676 loading class javassist/NotFoundException
Event: 5.676 loading class javassist/NotFoundException done
Event: 5.677 loading class javassist/bytecode/SourceFileAttribute
Event: 5.677 loading class javassist/bytecode/SourceFileAttribute done
Event: 5.678 loading class javassist/bytecode/AttributeInfo
Event: 5.678 loading class javassist/bytecode/AttributeInfo done


Dynamic libraries:
0x00007ff6688f0000 - 0x00007ff66892e000 	C:\Program Files\Java\jre-9.0.4\bin\javaw.exe
0x00007ff9339e0000 - 0x00007ff933bc0000 	C:\WINDOWS\SYSTEM32\ntdll.dll
0x00007ff9311d0000 - 0x00007ff93127e000 	C:\WINDOWS\System32\KERNEL32.DLL
0x00007ff930a70000 - 0x00007ff930cd6000 	C:\WINDOWS\System32\KERNELBASE.dll
0x00007ff932ca0000 - 0x00007ff932d41000 	C:\WINDOWS\System32\ADVAPI32.dll
0x00007ff9337e0000 - 0x00007ff93387d000 	C:\WINDOWS\System32\msvcrt.dll
0x00007ff932fb0000 - 0x00007ff93300b000 	C:\WINDOWS\System32\sechost.dll
0x00007ff9313f0000 - 0x00007ff93150f000 	C:\WINDOWS\System32\RPCRT4.dll
0x00007ff931530000 - 0x00007ff9316bf000 	C:\WINDOWS\System32\USER32.dll
0x00007ff92fde0000 - 0x00007ff92fe00000 	C:\WINDOWS\System32\win32u.dll
0x00007ff933230000 - 0x00007ff933258000 	C:\WINDOWS\System32\GDI32.dll
0x00007ff92fe80000 - 0x00007ff930013000 	C:\WINDOWS\System32\gdi32full.dll
0x00007ff9300d0000 - 0x00007ff93016b000 	C:\WINDOWS\System32\msvcp_win.dll
0x00007ff930970000 - 0x00007ff930a66000 	C:\WINDOWS\System32\ucrtbase.dll
0x00007ff9234a0000 - 0x00007ff923709000 	C:\WINDOWS\WinSxS\amd64_microsoft.windows.common-controls_6595b64144ccf1df_6.0.16299.431_none_15c7d3ee93659e73\COMCTL32.dll
0x00007ff930ec0000 - 0x00007ff9311c8000 	C:\WINDOWS\System32\combase.dll
0x00007ff92fe00000 - 0x00007ff92fe72000 	C:\WINDOWS\System32\bcryptPrimitives.dll
0x00007ff923710000 - 0x00007ff92371a000 	C:\WINDOWS\SYSTEM32\VERSION.dll
0x00007ff9332d0000 - 0x00007ff9332fd000 	C:\WINDOWS\System32\IMM32.DLL
0x00007ff909670000 - 0x00007ff90975f000 	C:\Program Files\Java\jre-9.0.4\bin\msvcr120.dll
0x00007ff90b030000 - 0x00007ff90b0d6000 	C:\Program Files\Java\jre-9.0.4\bin\msvcp120.dll
0x00000000557a0000 - 0x00000000561c5000 	C:\Program Files\Java\jre-9.0.4\bin\server\jvm.dll
0x00007ff930eb0000 - 0x00007ff930eb8000 	C:\WINDOWS\System32\PSAPI.DLL
0x00007ff921620000 - 0x00007ff921629000 	C:\WINDOWS\SYSTEM32\WSOCK32.dll
0x00007ff92ba90000 - 0x00007ff92bab3000 	C:\WINDOWS\SYSTEM32\WINMM.dll
0x00007ff933260000 - 0x00007ff9332cc000 	C:\WINDOWS\System32\WS2_32.dll
0x00007ff92ba30000 - 0x00007ff92ba5a000 	C:\WINDOWS\SYSTEM32\WINMMBASE.dll
0x00007ff9308c0000 - 0x00007ff93090a000 	C:\WINDOWS\System32\cfgmgr32.dll
0x00007ff924420000 - 0x00007ff92442f000 	C:\Program Files\Java\jre-9.0.4\bin\verify.dll
0x00007ff918f40000 - 0x00007ff918f67000 	C:\Program Files\Java\jre-9.0.4\bin\java.dll
0x00007ff919280000 - 0x00007ff919296000 	C:\Program Files\Java\jre-9.0.4\bin\zip.dll
0x00007ff924250000 - 0x00007ff92425a000 	C:\Program Files\Java\jre-9.0.4\bin\jimage.dll
0x00007ff9316c0000 - 0x00007ff932af8000 	C:\WINDOWS\System32\SHELL32.dll
0x00007ff933070000 - 0x00007ff933116000 	C:\WINDOWS\System32\shcore.dll
0x00007ff930170000 - 0x00007ff9308b7000 	C:\WINDOWS\System32\windows.storage.dll
0x00007ff933010000 - 0x00007ff933061000 	C:\WINDOWS\System32\shlwapi.dll
0x00007ff92fd70000 - 0x00007ff92fd81000 	C:\WINDOWS\System32\kernel.appcore.dll
0x00007ff92fd90000 - 0x00007ff92fddc000 	C:\WINDOWS\System32\powrprof.dll
0x00007ff92fd30000 - 0x00007ff92fd4b000 	C:\WINDOWS\System32\profapi.dll
0x00007ff914790000 - 0x00007ff9147aa000 	C:\Program Files\Java\jre-9.0.4\bin\net.dll
0x00007ff928cf0000 - 0x00007ff928dce000 	C:\WINDOWS\SYSTEM32\WINHTTP.dll
0x00007ff92f5c0000 - 0x00007ff92f626000 	C:\WINDOWS\system32\mswsock.dll
0x00007ff914770000 - 0x00007ff914781000 	C:\Program Files\Java\jre-9.0.4\bin\nio.dll
0x00007ff8f2020000 - 0x00007ff8f21b9000 	C:\Program Files\Java\jre-9.0.4\bin\awt.dll
0x00007ff933880000 - 0x00007ff933945000 	C:\WINDOWS\System32\OLEAUT32.dll
0x00007ff92cba0000 - 0x00007ff92d158000 	C:\WINDOWS\SYSTEM32\d2d1.dll
0x00007ff930ce0000 - 0x00007ff930eae000 	C:\WINDOWS\System32\CRYPT32.dll
0x00007ff92fd50000 - 0x00007ff92fd62000 	C:\WINDOWS\System32\MSASN1.dll
0x00007ff92d540000 - 0x00007ff92d5c8000 	C:\WINDOWS\SYSTEM32\apphelp.dll
0x00007ff92d6b0000 - 0x00007ff92d745000 	C:\WINDOWS\system32\uxtheme.dll
0x00007ff931280000 - 0x00007ff9313e7000 	C:\WINDOWS\System32\MSCTF.dll
0x00007ff92e200000 - 0x00007ff92e22a000 	C:\WINDOWS\system32\dwmapi.dll
0x00007ff932e00000 - 0x00007ff932f49000 	C:\WINDOWS\System32\ole32.dll
0x00007ff91ec90000 - 0x00007ff91edae000 	C:\WINDOWS\system32\opengl32.dll
0x00007ff91e6f0000 - 0x00007ff91e71c000 	C:\WINDOWS\SYSTEM32\GLU32.dll
0x00007ff923190000 - 0x00007ff92322d000 	C:\Program Files\Java\jre-9.0.4\bin\fontmanager.dll
0x00007ff90fbb0000 - 0x00007ff90fc48000 	C:\WINDOWS\System32\TextInputFramework.dll
0x00007ff929b10000 - 0x00007ff929dfe000 	C:\WINDOWS\System32\CoreUIComponents.dll
0x00007ff92c970000 - 0x00007ff92ca4c000 	C:\WINDOWS\System32\CoreMessaging.dll
0x00007ff92ee60000 - 0x00007ff92ee91000 	C:\WINDOWS\SYSTEM32\ntmarta.dll
0x00007ff92b460000 - 0x00007ff92b596000 	C:\WINDOWS\SYSTEM32\wintypes.dll
0x00007ff9257e0000 - 0x00007ff925822000 	C:\Program Files\Java\jre-9.0.4\bin\t2k.dll
0x00007ff92f780000 - 0x00007ff92f797000 	C:\WINDOWS\SYSTEM32\CRYPTSP.dll
0x00007ff92f1c0000 - 0x00007ff92f1f3000 	C:\WINDOWS\system32\rsaenh.dll
0x00007ff92f890000 - 0x00007ff92f8b5000 	C:\WINDOWS\SYSTEM32\bcrypt.dll
0x00007ff92fc30000 - 0x00007ff92fc59000 	C:\WINDOWS\SYSTEM32\USERENV.dll
0x00007ff92f7a0000 - 0x00007ff92f7ab000 	C:\WINDOWS\SYSTEM32\CRYPTBASE.dll
0x00007ff92f350000 - 0x00007ff92f389000 	C:\WINDOWS\SYSTEM32\IPHLPAPI.DLL
0x00007ff932d50000 - 0x00007ff932d58000 	C:\WINDOWS\System32\NSI.dll
0x00007ff929760000 - 0x00007ff929776000 	C:\WINDOWS\SYSTEM32\dhcpcsvc6.DLL
0x00007ff929810000 - 0x00007ff92982a000 	C:\WINDOWS\SYSTEM32\dhcpcsvc.DLL
0x00007ff92e7e0000 - 0x00007ff92e9a8000 	C:\WINDOWS\SYSTEM32\dbghelp.dll

VM Arguments:
jvm_args: -Dfile.encoding=Cp1250 
java_command: com.DataBaseManager
java_class_path (initial): C:\Users\Tomas\eclipse-workspace\Hotel_database\target\classes;C:\Users\Tomas\.m2\repository\javax\xml\bind\jaxb-api\2.2.11\jaxb-api-2.2.11.jar;C:\Users\Tomas\.m2\repository\org\hibernate\hibernate-core\5.2.12.Final\hibernate-core-5.2.12.Final.jar;C:\Users\Tomas\.m2\repository\org\jboss\logging\jboss-logging\3.3.0.Final\jboss-logging-3.3.0.Final.jar;C:\Users\Tomas\.m2\repository\org\hibernate\javax\persistence\hibernate-jpa-2.1-api\1.0.0.Final\hibernate-jpa-2.1-api-1.0.0.Final.jar;C:\Users\Tomas\.m2\repository\org\javassist\javassist\3.20.0-GA\javassist-3.20.0-GA.jar;C:\Users\Tomas\.m2\repository\antlr\antlr\2.7.7\antlr-2.7.7.jar;C:\Users\Tomas\.m2\repository\org\jboss\spec\javax\transaction\jboss-transaction-api_1.2_spec\1.0.1.Final\jboss-transaction-api_1.2_spec-1.0.1.Final.jar;C:\Users\Tomas\.m2\repository\org\jboss\jandex\2.0.3.Final\jandex-2.0.3.Final.jar;C:\Users\Tomas\.m2\repository\com\fasterxml\classmate\1.3.0\classmate-1.3.0.jar;C:\Users\Tomas\.m2\repository\dom4j\dom4j\1.6.1\dom4j-1.6.1.jar;C:\Users\Tomas\.m2\repository\org\hibernate\common\hibernate-commons-annotations\5.0.1.Final\hibernate-commons-annotations-5.0.1.Final.jar;C:\Users\Tomas\.m2\repository\mysql\mysql-connector-java\5.0.8\mysql-connector-java-5.0.8.jar;C:\Users\Tomas\.m2\repository\com\sun\xml\bind\jaxb-core\2.2.11\jaxb-core-2.2.11.jar;C:\Users\Tomas\.m2\repository\com\sun\xml\bind\jaxb-impl\2.2.11\jaxb-impl-2.2.11.jar;C:\Users\Tomas\.m2\repository\javax\activation\activation\1.1.1\activation-1.1.1.jar;C:\Users\Tomas\.m2\repository\org\springframework\spring-context\5.0.5.RELEASE\spring-context-5.0.5.RELEASE.jar;C:\Users\Tomas\.m2\repository\org\springframework\spring-aop\5.0.5.RELEASE\spring-aop-5.0.5.RELEASE.jar;C:\Users\Tomas\.m2\repository\org\springframework\spring-beans\5.0.5.RELEASE\spring-beans-5.0.5.RELEASE.jar;C:\Users\Tomas\.m2\repository\org\springframework\spring-core\5.0.5.RELEASE\spring-core-5.0.5.RELEASE.jar;C:\Users\Tomas\.m2\repository\org\sp
Launcher Type: SUN_STANDARD

Logging:
Log output configuration:
#0: stdout all=warning uptime,level,tags
#1: stderr all=off uptime,level,tags

Environment Variables:
PATH=C:\ProgramData\Oracle\Java\javapath;C:\Program Files (x86)\Intel\iCLS Client\;C:\Program Files\Intel\iCLS Client\;C:\WINDOWS\system32;C:\WINDOWS;C:\WINDOWS\System32\Wbem;C:\WINDOWS\System32\WindowsPowerShell\v1.0\;C:\Program Files (x86)\Intel\Intel(R) Management Engine Components\DAL;C:\Program Files\Intel\Intel(R) Management Engine Components\DAL;C:\Program Files (x86)\Intel\Intel(R) Management Engine Components\IPT;C:\Program Files\Intel\Intel(R) Management Engine Components\IPT;C:\Program Files (x86)\Skype\Phone\;C:\Program Files\Git\cmd;C:\Program Files\MySQL\MySQL Utilities 1.6\;C:\Users\Tomas\AppData\Local\Microsoft\WindowsApps;C:\Users\Tomas\AppData\Local\GitHubDesktop\bin
USERNAME=Tomas
OS=Windows_NT
PROCESSOR_IDENTIFIER=Intel64 Family 6 Model 78 Stepping 3, GenuineIntel



---------------  S Y S T E M  ---------------

OS: Windows 10 , 64 bit Build 16299 (10.0.16299.431)

CPU:total 4 (initial active 4) (2 cores per cpu, 2 threads per core) family 6 model 78 stepping 3, cmov, cx8, fxsr, mmx, sse, sse2, sse3, ssse3, sse4.1, sse4.2, popcnt, avx, avx2, aes, clmul, erms, 3dnowpref, lzcnt, ht, tsc, tscinvbit, bmi1, bmi2, adx, fma

Memory: 4k page, physical 4057152k(207164k free), swap 16640064k(0k free)

vm_info: Java HotSpot(TM) 64-Bit Server VM (9.0.4+11) for windows-amd64 JRE (9.0.4+11), built on Dec 20 2017 02:18:54 by "mach5one" with MS VC++ 12.0 (VS2013)

END.
