2018-06-23 13:16:08 INFO  Version:45 - HHH000412: Hibernate Core {5.2.12.Final}
2018-06-23 13:16:08 INFO  Environment:213 - HHH000206: hibernate.properties not found
2018-06-23 13:16:08 WARN  deprecation:91 - HHH90000012: Recognized obsolete hibernate namespace http://hibernate.sourceforge.net/hibernate-configuration. Use namespace http://www.hibernate.org/dtd/hibernate-configuration instead.  Support for obsolete DTD/XSD namespaces may be removed at any time.
2018-06-23 13:16:09 INFO  Version:66 - HCANN000001: Hibernate Commons Annotations {5.0.1.Final}
2018-06-23 13:16:09 WARN  pooling:70 - HHH10001002: Using Hibernate built-in connection pool (not for production use!)
2018-06-23 13:16:09 INFO  pooling:126 - HHH10001005: using driver [com.mysql.jdbc.Driver] at URL [jdbc:mysql://127.0.0.1:3306/hotel_data_base]
2018-06-23 13:16:09 INFO  pooling:135 - HHH10001001: Connection properties: {password=****, user=root}
2018-06-23 13:16:09 INFO  pooling:140 - HHH10001003: Autocommit mode: false
2018-06-23 13:16:09 INFO  DriverManagerConnectionProviderImpl:41 - HHH000115: Hibernate connection pool size: 20 (min=1)
2018-06-23 13:16:10 INFO  Dialect:157 - HHH000400: Using dialect: org.hibernate.dialect.MySQL5Dialect
2018-06-23 13:16:10 INFO  LobCreatorBuilderImpl:98 - HHH000423: Disabling contextual LOB creation as JDBC driver reported JDBC version [3] less than 4
2018-06-23 13:16:12 INFO  access:47 - HHH10001501: Connection obtained from JdbcConnectionAccess [org.hibernate.engine.jdbc.env.internal.JdbcEnvironmentInitiator$ConnectionProviderJdbcConnectionAccess@21e7e5c] for (non-JTA) DDL execution was not in auto-commit mode; the Connection 'local transaction' will be committed and the Connection will be set into auto-commit mode.
2018-06-23 13:16:13 INFO  QueryTranslatorFactoryInitiator:47 - HHH000397: Using ASTQueryTranslatorFactory
2018-06-23 13:16:13 WARN  deprecation:91 - HHH90000012: Recognized obsolete hibernate namespace http://hibernate.sourceforge.net/hibernate-configuration. Use namespace http://www.hibernate.org/dtd/hibernate-configuration instead.  Support for obsolete DTD/XSD namespaces may be removed at any time.
2018-06-23 13:16:13 WARN  pooling:70 - HHH10001002: Using Hibernate built-in connection pool (not for production use!)
2018-06-23 13:16:13 INFO  pooling:126 - HHH10001005: using driver [com.mysql.jdbc.Driver] at URL [jdbc:mysql://127.0.0.1:3306/hotel_data_base]
2018-06-23 13:16:13 INFO  pooling:135 - HHH10001001: Connection properties: {password=****, user=root}
2018-06-23 13:16:13 INFO  pooling:140 - HHH10001003: Autocommit mode: false
2018-06-23 13:16:13 INFO  DriverManagerConnectionProviderImpl:41 - HHH000115: Hibernate connection pool size: 20 (min=1)
2018-06-23 13:16:13 INFO  Dialect:157 - HHH000400: Using dialect: org.hibernate.dialect.MySQL5Dialect
2018-06-23 13:16:13 INFO  LobCreatorBuilderImpl:98 - HHH000423: Disabling contextual LOB creation as JDBC driver reported JDBC version [3] less than 4
2018-06-23 13:16:13 INFO  access:47 - HHH10001501: Connection obtained from JdbcConnectionAccess [org.hibernate.engine.jdbc.env.internal.JdbcEnvironmentInitiator$ConnectionProviderJdbcConnectionAccess@29a2c6ed] for (non-JTA) DDL execution was not in auto-commit mode; the Connection 'local transaction' will be committed and the Connection will be set into auto-commit mode.
2018-06-23 13:16:14 INFO  QueryTranslatorFactoryInitiator:47 - HHH000397: Using ASTQueryTranslatorFactory
2018-06-23 13:16:19 INFO  GuestCheckIn:119 - Wcisniety przysick OK
2018-06-23 13:16:19 WARN  deprecation:91 - HHH90000012: Recognized obsolete hibernate namespace http://hibernate.sourceforge.net/hibernate-configuration. Use namespace http://www.hibernate.org/dtd/hibernate-configuration instead.  Support for obsolete DTD/XSD namespaces may be removed at any time.
2018-06-23 13:16:19 WARN  pooling:70 - HHH10001002: Using Hibernate built-in connection pool (not for production use!)
2018-06-23 13:16:19 INFO  pooling:126 - HHH10001005: using driver [com.mysql.jdbc.Driver] at URL [jdbc:mysql://127.0.0.1:3306/hotel_data_base]
2018-06-23 13:16:19 INFO  pooling:135 - HHH10001001: Connection properties: {password=****, user=root}
2018-06-23 13:16:19 INFO  pooling:140 - HHH10001003: Autocommit mode: false
2018-06-23 13:16:19 INFO  DriverManagerConnectionProviderImpl:41 - HHH000115: Hibernate connection pool size: 20 (min=1)
2018-06-23 13:16:19 INFO  Dialect:157 - HHH000400: Using dialect: org.hibernate.dialect.MySQL5Dialect
2018-06-23 13:16:19 INFO  LobCreatorBuilderImpl:98 - HHH000423: Disabling contextual LOB creation as JDBC driver reported JDBC version [3] less than 4
2018-06-23 13:16:19 INFO  access:47 - HHH10001501: Connection obtained from JdbcConnectionAccess [org.hibernate.engine.jdbc.env.internal.JdbcEnvironmentInitiator$ConnectionProviderJdbcConnectionAccess@2a709332] for (non-JTA) DDL execution was not in auto-commit mode; the Connection 'local transaction' will be committed and the Connection will be set into auto-commit mode.
2018-06-23 13:16:20 INFO  QueryTranslatorFactoryInitiator:47 - HHH000397: Using ASTQueryTranslatorFactory
2018-06-23 13:16:20 WARN  SqlExceptionHelper:129 - SQL Error: 1062, SQLState: 23000
2018-06-23 13:16:20 ERROR SqlExceptionHelper:131 - Duplicate entry '6' for key 'UK_ny034kmqwykdh6k40in6w3kua'
2018-06-23 13:16:20 INFO  AbstractBatchImpl:193 - HHH000010: On release of batch it still contained JDBC statements
2018-06-23 13:16:20 ERROR ExceptionMapperStandardImpl:39 - HHH000346: Error during managed flush [org.hibernate.exception.ConstraintViolationException: could not execute statement]
2018-06-23 13:16:24 INFO  GuestCheckIn:119 - Wcisniety przysick OK
2018-06-23 13:16:24 WARN  deprecation:91 - HHH90000012: Recognized obsolete hibernate namespace http://hibernate.sourceforge.net/hibernate-configuration. Use namespace http://www.hibernate.org/dtd/hibernate-configuration instead.  Support for obsolete DTD/XSD namespaces may be removed at any time.
2018-06-23 13:16:24 WARN  pooling:70 - HHH10001002: Using Hibernate built-in connection pool (not for production use!)
2018-06-23 13:16:24 INFO  pooling:126 - HHH10001005: using driver [com.mysql.jdbc.Driver] at URL [jdbc:mysql://127.0.0.1:3306/hotel_data_base]
2018-06-23 13:16:24 INFO  pooling:135 - HHH10001001: Connection properties: {password=****, user=root}
2018-06-23 13:16:24 INFO  pooling:140 - HHH10001003: Autocommit mode: false
2018-06-23 13:16:24 INFO  DriverManagerConnectionProviderImpl:41 - HHH000115: Hibernate connection pool size: 20 (min=1)
2018-06-23 13:16:24 INFO  Dialect:157 - HHH000400: Using dialect: org.hibernate.dialect.MySQL5Dialect
2018-06-23 13:16:24 INFO  LobCreatorBuilderImpl:98 - HHH000423: Disabling contextual LOB creation as JDBC driver reported JDBC version [3] less than 4
2018-06-23 13:16:24 INFO  access:47 - HHH10001501: Connection obtained from JdbcConnectionAccess [org.hibernate.engine.jdbc.env.internal.JdbcEnvironmentInitiator$ConnectionProviderJdbcConnectionAccess@41d35f5d] for (non-JTA) DDL execution was not in auto-commit mode; the Connection 'local transaction' will be committed and the Connection will be set into auto-commit mode.
2018-06-23 13:16:24 INFO  QueryTranslatorFactoryInitiator:47 - HHH000397: Using ASTQueryTranslatorFactory
2018-06-23 13:16:27 WARN  deprecation:91 - HHH90000012: Recognized obsolete hibernate namespace http://hibernate.sourceforge.net/hibernate-configuration. Use namespace http://www.hibernate.org/dtd/hibernate-configuration instead.  Support for obsolete DTD/XSD namespaces may be removed at any time.
2018-06-23 13:16:27 WARN  pooling:70 - HHH10001002: Using Hibernate built-in connection pool (not for production use!)
2018-06-23 13:16:27 INFO  pooling:126 - HHH10001005: using driver [com.mysql.jdbc.Driver] at URL [jdbc:mysql://127.0.0.1:3306/hotel_data_base]
2018-06-23 13:16:27 INFO  pooling:135 - HHH10001001: Connection properties: {password=****, user=root}
2018-06-23 13:16:27 INFO  pooling:140 - HHH10001003: Autocommit mode: false
2018-06-23 13:16:27 INFO  DriverManagerConnectionProviderImpl:41 - HHH000115: Hibernate connection pool size: 20 (min=1)
2018-06-23 13:16:27 INFO  Dialect:157 - HHH000400: Using dialect: org.hibernate.dialect.MySQL5Dialect
2018-06-23 13:16:27 INFO  LobCreatorBuilderImpl:98 - HHH000423: Disabling contextual LOB creation as JDBC driver reported JDBC version [3] less than 4
2018-06-23 13:16:27 INFO  access:47 - HHH10001501: Connection obtained from JdbcConnectionAccess [org.hibernate.engine.jdbc.env.internal.JdbcEnvironmentInitiator$ConnectionProviderJdbcConnectionAccess@1f23ea67] for (non-JTA) DDL execution was not in auto-commit mode; the Connection 'local transaction' will be committed and the Connection will be set into auto-commit mode.
2018-06-23 13:23:08 INFO  Version:45 - HHH000412: Hibernate Core {5.2.12.Final}
2018-06-23 13:23:08 INFO  Environment:213 - HHH000206: hibernate.properties not found
2018-06-23 13:23:08 WARN  deprecation:91 - HHH90000012: Recognized obsolete hibernate namespace http://hibernate.sourceforge.net/hibernate-configuration. Use namespace http://www.hibernate.org/dtd/hibernate-configuration instead.  Support for obsolete DTD/XSD namespaces may be removed at any time.
2018-06-23 13:23:09 INFO  Version:66 - HCANN000001: Hibernate Commons Annotations {5.0.1.Final}
2018-06-23 13:23:09 WARN  pooling:70 - HHH10001002: Using Hibernate built-in connection pool (not for production use!)
2018-06-23 13:23:09 INFO  pooling:126 - HHH10001005: using driver [com.mysql.jdbc.Driver] at URL [jdbc:mysql://127.0.0.1:3306/hotel_data_base]
2018-06-23 13:23:09 INFO  pooling:135 - HHH10001001: Connection properties: {password=****, user=root}
2018-06-23 13:23:09 INFO  pooling:140 - HHH10001003: Autocommit mode: false
2018-06-23 13:23:09 INFO  DriverManagerConnectionProviderImpl:41 - HHH000115: Hibernate connection pool size: 20 (min=1)
2018-06-23 13:23:10 INFO  Dialect:157 - HHH000400: Using dialect: org.hibernate.dialect.MySQL5Dialect
2018-06-23 13:23:10 INFO  LobCreatorBuilderImpl:98 - HHH000423: Disabling contextual LOB creation as JDBC driver reported JDBC version [3] less than 4
2018-06-23 13:23:12 INFO  access:47 - HHH10001501: Connection obtained from JdbcConnectionAccess [org.hibernate.engine.jdbc.env.internal.JdbcEnvironmentInitiator$ConnectionProviderJdbcConnectionAccess@692622b2] for (non-JTA) DDL execution was not in auto-commit mode; the Connection 'local transaction' will be committed and the Connection will be set into auto-commit mode.
2018-06-23 13:23:13 INFO  QueryTranslatorFactoryInitiator:47 - HHH000397: Using ASTQueryTranslatorFactory
2018-06-23 13:23:14 WARN  deprecation:91 - HHH90000012: Recognized obsolete hibernate namespace http://hibernate.sourceforge.net/hibernate-configuration. Use namespace http://www.hibernate.org/dtd/hibernate-configuration instead.  Support for obsolete DTD/XSD namespaces may be removed at any time.
2018-06-23 13:23:14 WARN  pooling:70 - HHH10001002: Using Hibernate built-in connection pool (not for production use!)
2018-06-23 13:23:14 INFO  pooling:126 - HHH10001005: using driver [com.mysql.jdbc.Driver] at URL [jdbc:mysql://127.0.0.1:3306/hotel_data_base]
2018-06-23 13:23:14 INFO  pooling:135 - HHH10001001: Connection properties: {password=****, user=root}
2018-06-23 13:23:14 INFO  pooling:140 - HHH10001003: Autocommit mode: false
2018-06-23 13:23:14 INFO  DriverManagerConnectionProviderImpl:41 - HHH000115: Hibernate connection pool size: 20 (min=1)
2018-06-23 13:23:14 INFO  Dialect:157 - HHH000400: Using dialect: org.hibernate.dialect.MySQL5Dialect
2018-06-23 13:23:14 INFO  LobCreatorBuilderImpl:98 - HHH000423: Disabling contextual LOB creation as JDBC driver reported JDBC version [3] less than 4
2018-06-23 13:23:14 INFO  access:47 - HHH10001501: Connection obtained from JdbcConnectionAccess [org.hibernate.engine.jdbc.env.internal.JdbcEnvironmentInitiator$ConnectionProviderJdbcConnectionAccess@410f5712] for (non-JTA) DDL execution was not in auto-commit mode; the Connection 'local transaction' will be committed and the Connection will be set into auto-commit mode.
2018-06-23 13:23:14 INFO  QueryTranslatorFactoryInitiator:47 - HHH000397: Using ASTQueryTranslatorFactory
