18/06/23 14:29:47,928 [AWT-EventQueue-0]  INFO   org.hibernate.Version - HHH000412: Hibernate Core {5.2.12.Final}
18/06/23 14:29:47,928 [AWT-EventQueue-0]  INFO   org.hibernate.cfg.Environment - HHH000206: hibernate.properties not found
18/06/23 14:29:48,137 [AWT-EventQueue-0]  WARN   org.hibernate.orm.deprecation - HHH90000012: Recognized obsolete hibernate namespace http://hibernate.sourceforge.net/hibernate-configuration. Use namespace http://www.hibernate.org/dtd/hibernate-configuration instead.  Support for obsolete DTD/XSD namespaces may be removed at any time.
18/06/23 14:29:48,911 [AWT-EventQueue-0]  INFO   org.hibernate.annotations.common.Version - HCANN000001: Hibernate Commons Annotations {5.0.1.Final}
18/06/23 14:29:49,127 [AWT-EventQueue-0]  WARN   org.hibernate.orm.connections.pooling - HHH10001002: Using Hibernate built-in connection pool (not for production use!)
18/06/23 14:29:49,133 [AWT-EventQueue-0]  INFO   org.hibernate.orm.connections.pooling - HHH10001005: using driver [com.mysql.jdbc.Driver] at URL [jdbc:mysql://127.0.0.1:3306/hotel_data_base]
18/06/23 14:29:49,133 [AWT-EventQueue-0]  INFO   org.hibernate.orm.connections.pooling - HHH10001001: Connection properties: {password=****, user=root}
18/06/23 14:29:49,133 [AWT-EventQueue-0]  INFO   org.hibernate.orm.connections.pooling - HHH10001003: Autocommit mode: false
18/06/23 14:29:49,133 [AWT-EventQueue-0]  INFO   org.hibernate.engine.jdbc.connections.internal.DriverManagerConnectionProviderImpl - HHH000115: Hibernate connection pool size: 20 (min=1)
18/06/23 14:29:49,750 [AWT-EventQueue-0]  INFO   org.hibernate.dialect.Dialect - HHH000400: Using dialect: org.hibernate.dialect.MySQL5Dialect
18/06/23 14:29:49,813 [AWT-EventQueue-0]  INFO   org.hibernate.engine.jdbc.env.internal.LobCreatorBuilderImpl - HHH000423: Disabling contextual LOB creation as JDBC driver reported JDBC version [3] less than 4
18/06/23 14:29:51,533 [AWT-EventQueue-0]  INFO   org.hibernate.orm.connections.access - HHH10001501: Connection obtained from JdbcConnectionAccess [org.hibernate.engine.jdbc.env.internal.JdbcEnvironmentInitiator$ConnectionProviderJdbcConnectionAccess@45526bcc] for (non-JTA) DDL execution was not in auto-commit mode; the Connection 'local transaction' will be committed and the Connection will be set into auto-commit mode.
18/06/23 14:29:52,071 [AWT-EventQueue-0]  INFO   org.hibernate.hql.internal.QueryTranslatorFactoryInitiator - HHH000397: Using ASTQueryTranslatorFactory
18/06/23 14:33:43,831 [AWT-EventQueue-0]  INFO   org.hibernate.Version - HHH000412: Hibernate Core {5.2.12.Final}
18/06/23 14:33:43,831 [AWT-EventQueue-0]  INFO   org.hibernate.cfg.Environment - HHH000206: hibernate.properties not found
18/06/23 14:33:43,931 [AWT-EventQueue-0]  WARN   org.hibernate.orm.deprecation - HHH90000012: Recognized obsolete hibernate namespace http://hibernate.sourceforge.net/hibernate-configuration. Use namespace http://www.hibernate.org/dtd/hibernate-configuration instead.  Support for obsolete DTD/XSD namespaces may be removed at any time.
18/06/23 14:33:44,606 [AWT-EventQueue-0]  INFO   org.hibernate.annotations.common.Version - HCANN000001: Hibernate Commons Annotations {5.0.1.Final}
18/06/23 14:33:44,768 [AWT-EventQueue-0]  WARN   org.hibernate.orm.connections.pooling - HHH10001002: Using Hibernate built-in connection pool (not for production use!)
18/06/23 14:33:44,784 [AWT-EventQueue-0]  INFO   org.hibernate.orm.connections.pooling - HHH10001005: using driver [com.mysql.jdbc.Driver] at URL [jdbc:mysql://127.0.0.1:3306/hotel_data_base]
18/06/23 14:33:44,784 [AWT-EventQueue-0]  INFO   org.hibernate.orm.connections.pooling - HHH10001001: Connection properties: {password=****, user=root}
18/06/23 14:33:44,784 [AWT-EventQueue-0]  INFO   org.hibernate.orm.connections.pooling - HHH10001003: Autocommit mode: false
18/06/23 14:33:44,784 [AWT-EventQueue-0]  INFO   org.hibernate.engine.jdbc.connections.internal.DriverManagerConnectionProviderImpl - HHH000115: Hibernate connection pool size: 20 (min=1)
18/06/23 14:33:45,238 [AWT-EventQueue-0]  INFO   org.hibernate.dialect.Dialect - HHH000400: Using dialect: org.hibernate.dialect.MySQL5Dialect
18/06/23 14:33:45,301 [AWT-EventQueue-0]  INFO   org.hibernate.engine.jdbc.env.internal.LobCreatorBuilderImpl - HHH000423: Disabling contextual LOB creation as JDBC driver reported JDBC version [3] less than 4
18/06/23 14:33:46,936 [AWT-EventQueue-0]  INFO   org.hibernate.orm.connections.access - HHH10001501: Connection obtained from JdbcConnectionAccess [org.hibernate.engine.jdbc.env.internal.JdbcEnvironmentInitiator$ConnectionProviderJdbcConnectionAccess@2fa0e7d3] for (non-JTA) DDL execution was not in auto-commit mode; the Connection 'local transaction' will be committed and the Connection will be set into auto-commit mode.
18/06/23 14:33:47,448 [AWT-EventQueue-0]  INFO   org.hibernate.hql.internal.QueryTranslatorFactoryInitiator - HHH000397: Using ASTQueryTranslatorFactory
